<?xml version="1.0" encoding="UTF-8"?>
<robot generator="Robot 3.2.2 (Python 3.7.4rc1 on win32)" generated="20210410 04:48:53.355" rpa="false">
<suite id="s1" name="Side-Navbar" source="C:\Users\HP\Desktop\A1_project\server\side-navbar.robot">
<test id="s1-t1" name="Show Side Navbar">
<kw name="Valid Login" library="source-login">
<kw name="Open Browser" library="Selenium2Library">
<doc>Opens a new browser instance to the optional ``url``.</doc>
<arguments>
<arg>http://localhost:3000/login</arg>
<arg>Chrome</arg>
</arguments>
<msg timestamp="20210410 04:48:53.581" level="INFO">Opening browser 'Chrome' to base url 'http://localhost:3000/login'.</msg>
<status status="PASS" starttime="20210410 04:48:53.581" endtime="20210410 04:48:56.339"></status>
</kw>
<kw name="Input Username" library="source-login">
<arguments>
<arg>admin</arg>
</arguments>
<kw name="Input Text" library="Selenium2Library">
<doc>Types the given ``text`` into the text field identified by ``locator``.</doc>
<arguments>
<arg>username</arg>
<arg>${username}</arg>
</arguments>
<msg timestamp="20210410 04:48:56.340" level="INFO">Typing text 'admin' into text field 'username'.</msg>
<status status="PASS" starttime="20210410 04:48:56.340" endtime="20210410 04:48:56.486"></status>
</kw>
<status status="PASS" starttime="20210410 04:48:56.339" endtime="20210410 04:48:56.486"></status>
</kw>
<kw name="Input Password" library="source-login">
<arguments>
<arg>1234</arg>
</arguments>
<kw name="Input Text" library="Selenium2Library">
<doc>Types the given ``text`` into the text field identified by ``locator``.</doc>
<arguments>
<arg>password</arg>
<arg>${password}</arg>
</arguments>
<msg timestamp="20210410 04:48:56.488" level="INFO">Typing text '1234' into text field 'password'.</msg>
<status status="PASS" starttime="20210410 04:48:56.487" endtime="20210410 04:48:56.602"></status>
</kw>
<status status="PASS" starttime="20210410 04:48:56.487" endtime="20210410 04:48:56.602"></status>
</kw>
<kw name="Click Button" library="Selenium2Library">
<doc>Clicks the button identified by ``locator``.</doc>
<arguments>
<arg>btn-login</arg>
</arguments>
<msg timestamp="20210410 04:48:56.602" level="INFO">Clicking button 'btn-login'.</msg>
<status status="PASS" starttime="20210410 04:48:56.602" endtime="20210410 04:48:56.682"></status>
</kw>
<kw name="Wait Until Page Contains Element" library="Selenium2Library">
<doc>Waits until the element ``locator`` appears on the current page.</doc>
<arguments>
<arg>name:validate_user</arg>
</arguments>
<status status="PASS" starttime="20210410 04:48:56.682" endtime="20210410 04:48:58.218"></status>
</kw>
<kw name="Wait Until Page Contains Element" library="Selenium2Library">
<doc>Waits until the element ``locator`` appears on the current page.</doc>
<arguments>
<arg>name:user-manage-bot</arg>
</arguments>
<status status="PASS" starttime="20210410 04:48:58.219" endtime="20210410 04:48:58.233"></status>
</kw>
<status status="PASS" starttime="20210410 04:48:53.579" endtime="20210410 04:48:58.233"></status>
</kw>
<kw name="Go to Manage Bot Page" library="source-manage-bot">
<kw name="Click Link" library="Selenium2Library">
<doc>Clicks a link identified by ``locator``.</doc>
<arguments>
<arg>user-dropdown</arg>
</arguments>
<msg timestamp="20210410 04:48:58.234" level="INFO">Clicking link 'user-dropdown'.</msg>
<status status="PASS" starttime="20210410 04:48:58.234" endtime="20210410 04:48:58.313"></status>
</kw>
<kw name="Click Element" library="Selenium2Library">
<doc>Click the element identified by ``locator``.</doc>
<arguments>
<arg>user-manage</arg>
</arguments>
<msg timestamp="20210410 04:48:58.313" level="INFO">Clicking element 'user-manage'.</msg>
<status status="PASS" starttime="20210410 04:48:58.313" endtime="20210410 04:48:58.531"></status>
</kw>
<kw name="Wait Until Page Contains Element" library="Selenium2Library">
<doc>Waits until the element ``locator`` appears on the current page.</doc>
<arguments>
<arg>name:bot_list</arg>
</arguments>
<status status="PASS" starttime="20210410 04:48:58.531" endtime="20210410 04:48:58.550"></status>
</kw>
<kw name="Click Element" library="Selenium2Library">
<doc>Click the element identified by ``locator``.</doc>
<arguments>
<arg>name:bot_list</arg>
</arguments>
<msg timestamp="20210410 04:48:58.550" level="INFO">Clicking element 'name:bot_list'.</msg>
<status status="PASS" starttime="20210410 04:48:58.550" endtime="20210410 04:48:58.646"></status>
</kw>
<status status="PASS" starttime="20210410 04:48:58.234" endtime="20210410 04:48:58.647"></status>
</kw>
<kw name="Wait Until Element Is Visible" library="Selenium2Library">
<doc>Waits until the element ``locator`` is visible.</doc>
<arguments>
<arg>id:left-navbar</arg>
<arg>20</arg>
</arguments>
<status status="PASS" starttime="20210410 04:48:58.648" endtime="20210410 04:49:02.592"></status>
</kw>
<kw name="Close Browser" library="Selenium2Library" type="teardown">
<doc>Closes the current browser.</doc>
<status status="PASS" starttime="20210410 04:49:02.593" endtime="20210410 04:49:06.436"></status>
</kw>
<status status="PASS" starttime="20210410 04:48:53.579" endtime="20210410 04:49:06.437" critical="yes"></status>
</test>
<test id="s1-t2" name="Trained Menu">
<kw name="Valid Login" library="source-login">
<kw name="Open Browser" library="Selenium2Library">
<doc>Opens a new browser instance to the optional ``url``.</doc>
<arguments>
<arg>http://localhost:3000/login</arg>
<arg>Chrome</arg>
</arguments>
<msg timestamp="20210410 04:49:06.443" level="INFO">Opening browser 'Chrome' to base url 'http://localhost:3000/login'.</msg>
<status status="PASS" starttime="20210410 04:49:06.442" endtime="20210410 04:49:09.366"></status>
</kw>
<kw name="Input Username" library="source-login">
<arguments>
<arg>admin</arg>
</arguments>
<kw name="Input Text" library="Selenium2Library">
<doc>Types the given ``text`` into the text field identified by ``locator``.</doc>
<arguments>
<arg>username</arg>
<arg>${username}</arg>
</arguments>
<msg timestamp="20210410 04:49:09.370" level="INFO">Typing text 'admin' into text field 'username'.</msg>
<status status="PASS" starttime="20210410 04:49:09.369" endtime="20210410 04:49:09.545"></status>
</kw>
<status status="PASS" starttime="20210410 04:49:09.366" endtime="20210410 04:49:09.545"></status>
</kw>
<kw name="Input Password" library="source-login">
<arguments>
<arg>1234</arg>
</arguments>
<kw name="Input Text" library="Selenium2Library">
<doc>Types the given ``text`` into the text field identified by ``locator``.</doc>
<arguments>
<arg>password</arg>
<arg>${password}</arg>
</arguments>
<msg timestamp="20210410 04:49:09.546" level="INFO">Typing text '1234' into text field 'password'.</msg>
<status status="PASS" starttime="20210410 04:49:09.546" endtime="20210410 04:49:09.745"></status>
</kw>
<status status="PASS" starttime="20210410 04:49:09.545" endtime="20210410 04:49:09.745"></status>
</kw>
<kw name="Click Button" library="Selenium2Library">
<doc>Clicks the button identified by ``locator``.</doc>
<arguments>
<arg>btn-login</arg>
</arguments>
<msg timestamp="20210410 04:49:09.746" level="INFO">Clicking button 'btn-login'.</msg>
<status status="PASS" starttime="20210410 04:49:09.746" endtime="20210410 04:49:09.830"></status>
</kw>
<kw name="Wait Until Page Contains Element" library="Selenium2Library">
<doc>Waits until the element ``locator`` appears on the current page.</doc>
<arguments>
<arg>name:validate_user</arg>
</arguments>
<status status="PASS" starttime="20210410 04:49:09.831" endtime="20210410 04:49:11.411"></status>
</kw>
<kw name="Wait Until Page Contains Element" library="Selenium2Library">
<doc>Waits until the element ``locator`` appears on the current page.</doc>
<arguments>
<arg>name:user-manage-bot</arg>
</arguments>
<status status="PASS" starttime="20210410 04:49:11.412" endtime="20210410 04:49:11.430"></status>
</kw>
<status status="PASS" starttime="20210410 04:49:06.441" endtime="20210410 04:49:11.430"></status>
</kw>
<kw name="Go to Manage Bot Page" library="source-manage-bot">
<kw name="Click Link" library="Selenium2Library">
<doc>Clicks a link identified by ``locator``.</doc>
<arguments>
<arg>user-dropdown</arg>
</arguments>
<msg timestamp="20210410 04:49:11.434" level="INFO">Clicking link 'user-dropdown'.</msg>
<status status="PASS" starttime="20210410 04:49:11.434" endtime="20210410 04:49:12.040"></status>
</kw>
<kw name="Click Element" library="Selenium2Library">
<doc>Click the element identified by ``locator``.</doc>
<arguments>
<arg>user-manage</arg>
</arguments>
<msg timestamp="20210410 04:49:12.040" level="INFO">Clicking element 'user-manage'.</msg>
<status status="PASS" starttime="20210410 04:49:12.040" endtime="20210410 04:49:12.371"></status>
</kw>
<kw name="Wait Until Page Contains Element" library="Selenium2Library">
<doc>Waits until the element ``locator`` appears on the current page.</doc>
<arguments>
<arg>name:bot_list</arg>
</arguments>
<status status="PASS" starttime="20210410 04:49:12.372" endtime="20210410 04:49:12.394"></status>
</kw>
<kw name="Click Element" library="Selenium2Library">
<doc>Click the element identified by ``locator``.</doc>
<arguments>
<arg>name:bot_list</arg>
</arguments>
<msg timestamp="20210410 04:49:12.394" level="INFO">Clicking element 'name:bot_list'.</msg>
<status status="PASS" starttime="20210410 04:49:12.394" endtime="20210410 04:49:12.669"></status>
</kw>
<status status="PASS" starttime="20210410 04:49:11.431" endtime="20210410 04:49:12.670"></status>
</kw>
<kw name="Check Specific Link Functionality">
<arguments>
<arg>name:menu-trained</arg>
<arg>id:trained-header</arg>
</arguments>
<kw name="Wait Until Element Is Visible" library="Selenium2Library">
<doc>Waits until the element ``locator`` is visible.</doc>
<arguments>
<arg>${li}</arg>
<arg>20</arg>
</arguments>
<status status="PASS" starttime="20210410 04:49:12.675" endtime="20210410 04:49:12.733"></status>
</kw>
<kw name="Click Link" library="Selenium2Library">
<doc>Clicks a link identified by ``locator``.</doc>
<arguments>
<arg>${li}</arg>
</arguments>
<msg timestamp="20210410 04:49:12.734" level="INFO">Clicking link 'name:menu-trained'.</msg>
<status status="PASS" starttime="20210410 04:49:12.733" endtime="20210410 04:49:13.168"></status>
</kw>
<kw name="Wait Until Element Is Visible" library="Selenium2Library">
<doc>Waits until the element ``locator`` is visible.</doc>
<arguments>
<arg>${header}</arg>
<arg>20</arg>
</arguments>
<status status="PASS" starttime="20210410 04:49:13.168" endtime="20210410 04:49:13.229"></status>
</kw>
<status status="PASS" starttime="20210410 04:49:12.674" endtime="20210410 04:49:13.229"></status>
</kw>
<kw name="Close Browser" library="Selenium2Library" type="teardown">
<doc>Closes the current browser.</doc>
<status status="PASS" starttime="20210410 04:49:13.230" endtime="20210410 04:49:16.188"></status>
</kw>
<doc>Test if Trained Menu led to correct path</doc>
<status status="PASS" starttime="20210410 04:49:06.440" endtime="20210410 04:49:16.188" critical="yes"></status>
</test>
<test id="s1-t3" name="Training Menu">
<kw name="Valid Login" library="source-login">
<kw name="Open Browser" library="Selenium2Library">
<doc>Opens a new browser instance to the optional ``url``.</doc>
<arguments>
<arg>http://localhost:3000/login</arg>
<arg>Chrome</arg>
</arguments>
<msg timestamp="20210410 04:49:16.192" level="INFO">Opening browser 'Chrome' to base url 'http://localhost:3000/login'.</msg>
<status status="PASS" starttime="20210410 04:49:16.192" endtime="20210410 04:49:19.061"></status>
</kw>
<kw name="Input Username" library="source-login">
<arguments>
<arg>admin</arg>
</arguments>
<kw name="Input Text" library="Selenium2Library">
<doc>Types the given ``text`` into the text field identified by ``locator``.</doc>
<arguments>
<arg>username</arg>
<arg>${username}</arg>
</arguments>
<msg timestamp="20210410 04:49:19.063" level="INFO">Typing text 'admin' into text field 'username'.</msg>
<status status="PASS" starttime="20210410 04:49:19.063" endtime="20210410 04:49:19.337"></status>
</kw>
<status status="PASS" starttime="20210410 04:49:19.062" endtime="20210410 04:49:19.337"></status>
</kw>
<kw name="Input Password" library="source-login">
<arguments>
<arg>1234</arg>
</arguments>
<kw name="Input Text" library="Selenium2Library">
<doc>Types the given ``text`` into the text field identified by ``locator``.</doc>
<arguments>
<arg>password</arg>
<arg>${password}</arg>
</arguments>
<msg timestamp="20210410 04:49:19.339" level="INFO">Typing text '1234' into text field 'password'.</msg>
<status status="PASS" starttime="20210410 04:49:19.338" endtime="20210410 04:49:19.535"></status>
</kw>
<status status="PASS" starttime="20210410 04:49:19.337" endtime="20210410 04:49:19.535"></status>
</kw>
<kw name="Click Button" library="Selenium2Library">
<doc>Clicks the button identified by ``locator``.</doc>
<arguments>
<arg>btn-login</arg>
</arguments>
<msg timestamp="20210410 04:49:19.536" level="INFO">Clicking button 'btn-login'.</msg>
<status status="PASS" starttime="20210410 04:49:19.536" endtime="20210410 04:49:19.645"></status>
</kw>
<kw name="Wait Until Page Contains Element" library="Selenium2Library">
<doc>Waits until the element ``locator`` appears on the current page.</doc>
<arguments>
<arg>name:validate_user</arg>
</arguments>
<status status="PASS" starttime="20210410 04:49:19.646" endtime="20210410 04:49:21.400"></status>
</kw>
<kw name="Wait Until Page Contains Element" library="Selenium2Library">
<doc>Waits until the element ``locator`` appears on the current page.</doc>
<arguments>
<arg>name:user-manage-bot</arg>
</arguments>
<status status="PASS" starttime="20210410 04:49:21.401" endtime="20210410 04:49:21.417"></status>
</kw>
<status status="PASS" starttime="20210410 04:49:16.192" endtime="20210410 04:49:21.417"></status>
</kw>
<kw name="Go to Manage Bot Page" library="source-manage-bot">
<kw name="Click Link" library="Selenium2Library">
<doc>Clicks a link identified by ``locator``.</doc>
<arguments>
<arg>user-dropdown</arg>
</arguments>
<msg timestamp="20210410 04:49:21.419" level="INFO">Clicking link 'user-dropdown'.</msg>
<status status="PASS" starttime="20210410 04:49:21.419" endtime="20210410 04:49:21.887"></status>
</kw>
<kw name="Click Element" library="Selenium2Library">
<doc>Click the element identified by ``locator``.</doc>
<arguments>
<arg>user-manage</arg>
</arguments>
<msg timestamp="20210410 04:49:21.887" level="INFO">Clicking element 'user-manage'.</msg>
<status status="PASS" starttime="20210410 04:49:21.887" endtime="20210410 04:49:22.223"></status>
</kw>
<kw name="Wait Until Page Contains Element" library="Selenium2Library">
<doc>Waits until the element ``locator`` appears on the current page.</doc>
<arguments>
<arg>name:bot_list</arg>
</arguments>
<status status="PASS" starttime="20210410 04:49:22.223" endtime="20210410 04:49:22.253"></status>
</kw>
<kw name="Click Element" library="Selenium2Library">
<doc>Click the element identified by ``locator``.</doc>
<arguments>
<arg>name:bot_list</arg>
</arguments>
<msg timestamp="20210410 04:49:22.254" level="INFO">Clicking element 'name:bot_list'.</msg>
<status status="PASS" starttime="20210410 04:49:22.253" endtime="20210410 04:49:22.416"></status>
</kw>
<status status="PASS" starttime="20210410 04:49:21.418" endtime="20210410 04:49:22.417"></status>
</kw>
<kw name="Check Specific Link Functionality">
<arguments>
<arg>name:menu-training</arg>
<arg>id:training-header</arg>
</arguments>
<kw name="Wait Until Element Is Visible" library="Selenium2Library">
<doc>Waits until the element ``locator`` is visible.</doc>
<arguments>
<arg>${li}</arg>
<arg>20</arg>
</arguments>
<kw name="Capture Page Screenshot" library="Selenium2Library">
<doc>Takes a screenshot of the current page and embeds it into a log file.</doc>
<msg timestamp="20210410 04:49:42.751" level="INFO" html="yes">&lt;/td&gt;&lt;/tr&gt;&lt;tr&gt;&lt;td colspan="3"&gt;&lt;a href="selenium-screenshot-10.png"&gt;&lt;img src="selenium-screenshot-10.png" width="800px"&gt;&lt;/a&gt;</msg>
<status status="PASS" starttime="20210410 04:49:42.468" endtime="20210410 04:49:42.751"></status>
</kw>
<msg timestamp="20210410 04:49:42.753" level="FAIL">Element 'name:menu-training' not visible after 20 seconds.</msg>
<status status="FAIL" starttime="20210410 04:49:22.419" endtime="20210410 04:49:42.754"></status>
</kw>
<status status="FAIL" starttime="20210410 04:49:22.418" endtime="20210410 04:49:42.754"></status>
</kw>
<kw name="Close Browser" library="Selenium2Library" type="teardown">
<doc>Closes the current browser.</doc>
<status status="PASS" starttime="20210410 04:49:42.755" endtime="20210410 04:49:44.908"></status>
</kw>
<doc>Test if Training Menu led to correct path</doc>
<status status="FAIL" starttime="20210410 04:49:16.191" endtime="20210410 04:49:44.908" critical="yes">Element 'name:menu-training' not visible after 20 seconds.</status>
</test>
<test id="s1-t4" name="Group Menu">
<kw name="Valid Login" library="source-login">
<kw name="Open Browser" library="Selenium2Library">
<doc>Opens a new browser instance to the optional ``url``.</doc>
<arguments>
<arg>http://localhost:3000/login</arg>
<arg>Chrome</arg>
</arguments>
<msg timestamp="20210410 04:49:44.914" level="INFO">Opening browser 'Chrome' to base url 'http://localhost:3000/login'.</msg>
<status status="PASS" starttime="20210410 04:49:44.914" endtime="20210410 04:49:47.593"></status>
</kw>
<kw name="Input Username" library="source-login">
<arguments>
<arg>admin</arg>
</arguments>
<kw name="Input Text" library="Selenium2Library">
<doc>Types the given ``text`` into the text field identified by ``locator``.</doc>
<arguments>
<arg>username</arg>
<arg>${username}</arg>
</arguments>
<msg timestamp="20210410 04:49:47.594" level="INFO">Typing text 'admin' into text field 'username'.</msg>
<status status="PASS" starttime="20210410 04:49:47.594" endtime="20210410 04:49:47.742"></status>
</kw>
<status status="PASS" starttime="20210410 04:49:47.593" endtime="20210410 04:49:47.742"></status>
</kw>
<kw name="Input Password" library="source-login">
<arguments>
<arg>1234</arg>
</arguments>
<kw name="Input Text" library="Selenium2Library">
<doc>Types the given ``text`` into the text field identified by ``locator``.</doc>
<arguments>
<arg>password</arg>
<arg>${password}</arg>
</arguments>
<msg timestamp="20210410 04:49:47.743" level="INFO">Typing text '1234' into text field 'password'.</msg>
<status status="PASS" starttime="20210410 04:49:47.743" endtime="20210410 04:49:47.863"></status>
</kw>
<status status="PASS" starttime="20210410 04:49:47.742" endtime="20210410 04:49:47.863"></status>
</kw>
<kw name="Click Button" library="Selenium2Library">
<doc>Clicks the button identified by ``locator``.</doc>
<arguments>
<arg>btn-login</arg>
</arguments>
<msg timestamp="20210410 04:49:47.864" level="INFO">Clicking button 'btn-login'.</msg>
<status status="PASS" starttime="20210410 04:49:47.864" endtime="20210410 04:49:47.944"></status>
</kw>
<kw name="Wait Until Page Contains Element" library="Selenium2Library">
<doc>Waits until the element ``locator`` appears on the current page.</doc>
<arguments>
<arg>name:validate_user</arg>
</arguments>
<status status="PASS" starttime="20210410 04:49:47.945" endtime="20210410 04:49:49.216"></status>
</kw>
<kw name="Wait Until Page Contains Element" library="Selenium2Library">
<doc>Waits until the element ``locator`` appears on the current page.</doc>
<arguments>
<arg>name:user-manage-bot</arg>
</arguments>
<status status="PASS" starttime="20210410 04:49:49.217" endtime="20210410 04:49:49.235"></status>
</kw>
<status status="PASS" starttime="20210410 04:49:44.913" endtime="20210410 04:49:49.235"></status>
</kw>
<kw name="Go to Manage Bot Page" library="source-manage-bot">
<kw name="Click Link" library="Selenium2Library">
<doc>Clicks a link identified by ``locator``.</doc>
<arguments>
<arg>user-dropdown</arg>
</arguments>
<msg timestamp="20210410 04:49:49.237" level="INFO">Clicking link 'user-dropdown'.</msg>
<status status="PASS" starttime="20210410 04:49:49.236" endtime="20210410 04:49:49.615"></status>
</kw>
<kw name="Click Element" library="Selenium2Library">
<doc>Click the element identified by ``locator``.</doc>
<arguments>
<arg>user-manage</arg>
</arguments>
<msg timestamp="20210410 04:49:49.615" level="INFO">Clicking element 'user-manage'.</msg>
<status status="PASS" starttime="20210410 04:49:49.615" endtime="20210410 04:49:49.850"></status>
</kw>
<kw name="Wait Until Page Contains Element" library="Selenium2Library">
<doc>Waits until the element ``locator`` appears on the current page.</doc>
<arguments>
<arg>name:bot_list</arg>
</arguments>
<status status="PASS" starttime="20210410 04:49:49.850" endtime="20210410 04:49:49.868"></status>
</kw>
<kw name="Click Element" library="Selenium2Library">
<doc>Click the element identified by ``locator``.</doc>
<arguments>
<arg>name:bot_list</arg>
</arguments>
<msg timestamp="20210410 04:49:49.869" level="INFO">Clicking element 'name:bot_list'.</msg>
<status status="PASS" starttime="20210410 04:49:49.869" endtime="20210410 04:49:50.046"></status>
</kw>
<status status="PASS" starttime="20210410 04:49:49.236" endtime="20210410 04:49:50.046"></status>
</kw>
<kw name="Check Specific Link Functionality">
<arguments>
<arg>name:menu-group</arg>
<arg>id:group-header</arg>
</arguments>
<kw name="Wait Until Element Is Visible" library="Selenium2Library">
<doc>Waits until the element ``locator`` is visible.</doc>
<arguments>
<arg>${li}</arg>
<arg>20</arg>
</arguments>
<status status="PASS" starttime="20210410 04:49:50.048" endtime="20210410 04:49:50.094"></status>
</kw>
<kw name="Click Link" library="Selenium2Library">
<doc>Clicks a link identified by ``locator``.</doc>
<arguments>
<arg>${li}</arg>
</arguments>
<msg timestamp="20210410 04:49:50.095" level="INFO">Clicking link 'name:menu-group'.</msg>
<status status="PASS" starttime="20210410 04:49:50.095" endtime="20210410 04:49:50.253"></status>
</kw>
<kw name="Wait Until Element Is Visible" library="Selenium2Library">
<doc>Waits until the element ``locator`` is visible.</doc>
<arguments>
<arg>${header}</arg>
<arg>20</arg>
</arguments>
<status status="PASS" starttime="20210410 04:49:50.253" endtime="20210410 04:49:50.330"></status>
</kw>
<status status="PASS" starttime="20210410 04:49:50.047" endtime="20210410 04:49:50.331"></status>
</kw>
<kw name="Close Browser" library="Selenium2Library" type="teardown">
<doc>Closes the current browser.</doc>
<status status="PASS" starttime="20210410 04:49:50.332" endtime="20210410 04:49:53.287"></status>
</kw>
<doc>Test if Group Menu led to correct path</doc>
<status status="PASS" starttime="20210410 04:49:44.911" endtime="20210410 04:49:53.288" critical="yes"></status>
</test>
<test id="s1-t5" name="Mapping Menu">
<kw name="Valid Login" library="source-login">
<kw name="Open Browser" library="Selenium2Library">
<doc>Opens a new browser instance to the optional ``url``.</doc>
<arguments>
<arg>http://localhost:3000/login</arg>
<arg>Chrome</arg>
</arguments>
<msg timestamp="20210410 04:49:53.291" level="INFO">Opening browser 'Chrome' to base url 'http://localhost:3000/login'.</msg>
<status status="PASS" starttime="20210410 04:49:53.291" endtime="20210410 04:49:56.274"></status>
</kw>
<kw name="Input Username" library="source-login">
<arguments>
<arg>admin</arg>
</arguments>
<kw name="Input Text" library="Selenium2Library">
<doc>Types the given ``text`` into the text field identified by ``locator``.</doc>
<arguments>
<arg>username</arg>
<arg>${username}</arg>
</arguments>
<msg timestamp="20210410 04:49:56.275" level="INFO">Typing text 'admin' into text field 'username'.</msg>
<status status="PASS" starttime="20210410 04:49:56.275" endtime="20210410 04:49:56.448"></status>
</kw>
<status status="PASS" starttime="20210410 04:49:56.274" endtime="20210410 04:49:56.448"></status>
</kw>
<kw name="Input Password" library="source-login">
<arguments>
<arg>1234</arg>
</arguments>
<kw name="Input Text" library="Selenium2Library">
<doc>Types the given ``text`` into the text field identified by ``locator``.</doc>
<arguments>
<arg>password</arg>
<arg>${password}</arg>
</arguments>
<msg timestamp="20210410 04:49:56.450" level="INFO">Typing text '1234' into text field 'password'.</msg>
<status status="PASS" starttime="20210410 04:49:56.450" endtime="20210410 04:49:56.630"></status>
</kw>
<status status="PASS" starttime="20210410 04:49:56.449" endtime="20210410 04:49:56.630"></status>
</kw>
<kw name="Click Button" library="Selenium2Library">
<doc>Clicks the button identified by ``locator``.</doc>
<arguments>
<arg>btn-login</arg>
</arguments>
<msg timestamp="20210410 04:49:56.631" level="INFO">Clicking button 'btn-login'.</msg>
<status status="PASS" starttime="20210410 04:49:56.631" endtime="20210410 04:49:56.746"></status>
</kw>
<kw name="Wait Until Page Contains Element" library="Selenium2Library">
<doc>Waits until the element ``locator`` appears on the current page.</doc>
<arguments>
<arg>name:validate_user</arg>
</arguments>
<status status="PASS" starttime="20210410 04:49:56.746" endtime="20210410 04:49:58.250"></status>
</kw>
<kw name="Wait Until Page Contains Element" library="Selenium2Library">
<doc>Waits until the element ``locator`` appears on the current page.</doc>
<arguments>
<arg>name:user-manage-bot</arg>
</arguments>
<status status="PASS" starttime="20210410 04:49:58.250" endtime="20210410 04:49:58.277"></status>
</kw>
<status status="PASS" starttime="20210410 04:49:53.291" endtime="20210410 04:49:58.278"></status>
</kw>
<kw name="Go to Manage Bot Page" library="source-manage-bot">
<kw name="Click Link" library="Selenium2Library">
<doc>Clicks a link identified by ``locator``.</doc>
<arguments>
<arg>user-dropdown</arg>
</arguments>
<msg timestamp="20210410 04:49:58.280" level="INFO">Clicking link 'user-dropdown'.</msg>
<status status="PASS" starttime="20210410 04:49:58.279" endtime="20210410 04:49:58.760"></status>
</kw>
<kw name="Click Element" library="Selenium2Library">
<doc>Click the element identified by ``locator``.</doc>
<arguments>
<arg>user-manage</arg>
</arguments>
<msg timestamp="20210410 04:49:58.761" level="INFO">Clicking element 'user-manage'.</msg>
<status status="PASS" starttime="20210410 04:49:58.760" endtime="20210410 04:49:59.044"></status>
</kw>
<kw name="Wait Until Page Contains Element" library="Selenium2Library">
<doc>Waits until the element ``locator`` appears on the current page.</doc>
<arguments>
<arg>name:bot_list</arg>
</arguments>
<status status="PASS" starttime="20210410 04:49:59.044" endtime="20210410 04:49:59.067"></status>
</kw>
<kw name="Click Element" library="Selenium2Library">
<doc>Click the element identified by ``locator``.</doc>
<arguments>
<arg>name:bot_list</arg>
</arguments>
<msg timestamp="20210410 04:49:59.068" level="INFO">Clicking element 'name:bot_list'.</msg>
<status status="PASS" starttime="20210410 04:49:59.068" endtime="20210410 04:49:59.288"></status>
</kw>
<status status="PASS" starttime="20210410 04:49:58.279" endtime="20210410 04:49:59.289"></status>
</kw>
<kw name="Check Specific Link Functionality">
<arguments>
<arg>name:menu-mapping</arg>
<arg>id:mapping-header</arg>
</arguments>
<kw name="Wait Until Element Is Visible" library="Selenium2Library">
<doc>Waits until the element ``locator`` is visible.</doc>
<arguments>
<arg>${li}</arg>
<arg>20</arg>
</arguments>
<status status="PASS" starttime="20210410 04:49:59.290" endtime="20210410 04:49:59.338"></status>
</kw>
<kw name="Click Link" library="Selenium2Library">
<doc>Clicks a link identified by ``locator``.</doc>
<arguments>
<arg>${li}</arg>
</arguments>
<msg timestamp="20210410 04:49:59.340" level="INFO">Clicking link 'name:menu-mapping'.</msg>
<status status="PASS" starttime="20210410 04:49:59.339" endtime="20210410 04:49:59.716"></status>
</kw>
<kw name="Wait Until Element Is Visible" library="Selenium2Library">
<doc>Waits until the element ``locator`` is visible.</doc>
<arguments>
<arg>${header}</arg>
<arg>20</arg>
</arguments>
<status status="PASS" starttime="20210410 04:49:59.716" endtime="20210410 04:49:59.754"></status>
</kw>
<status status="PASS" starttime="20210410 04:49:59.289" endtime="20210410 04:49:59.754"></status>
</kw>
<kw name="Close Browser" library="Selenium2Library" type="teardown">
<doc>Closes the current browser.</doc>
<status status="PASS" starttime="20210410 04:49:59.755" endtime="20210410 04:50:02.538"></status>
</kw>
<doc>Test if Mapping Menu led to correct path</doc>
<status status="PASS" starttime="20210410 04:49:53.290" endtime="20210410 04:50:02.539" critical="yes"></status>
</test>
<test id="s1-t6" name="History Menu">
<kw name="Valid Login" library="source-login">
<kw name="Open Browser" library="Selenium2Library">
<doc>Opens a new browser instance to the optional ``url``.</doc>
<arguments>
<arg>http://localhost:3000/login</arg>
<arg>Chrome</arg>
</arguments>
<msg timestamp="20210410 04:50:02.542" level="INFO">Opening browser 'Chrome' to base url 'http://localhost:3000/login'.</msg>
<status status="PASS" starttime="20210410 04:50:02.542" endtime="20210410 04:50:05.024"></status>
</kw>
<kw name="Input Username" library="source-login">
<arguments>
<arg>admin</arg>
</arguments>
<kw name="Input Text" library="Selenium2Library">
<doc>Types the given ``text`` into the text field identified by ``locator``.</doc>
<arguments>
<arg>username</arg>
<arg>${username}</arg>
</arguments>
<msg timestamp="20210410 04:50:05.025" level="INFO">Typing text 'admin' into text field 'username'.</msg>
<status status="PASS" starttime="20210410 04:50:05.025" endtime="20210410 04:50:05.154"></status>
</kw>
<status status="PASS" starttime="20210410 04:50:05.024" endtime="20210410 04:50:05.154"></status>
</kw>
<kw name="Input Password" library="source-login">
<arguments>
<arg>1234</arg>
</arguments>
<kw name="Input Text" library="Selenium2Library">
<doc>Types the given ``text`` into the text field identified by ``locator``.</doc>
<arguments>
<arg>password</arg>
<arg>${password}</arg>
</arguments>
<msg timestamp="20210410 04:50:05.156" level="INFO">Typing text '1234' into text field 'password'.</msg>
<status status="PASS" starttime="20210410 04:50:05.155" endtime="20210410 04:50:05.282"></status>
</kw>
<status status="PASS" starttime="20210410 04:50:05.155" endtime="20210410 04:50:05.283"></status>
</kw>
<kw name="Click Button" library="Selenium2Library">
<doc>Clicks the button identified by ``locator``.</doc>
<arguments>
<arg>btn-login</arg>
</arguments>
<msg timestamp="20210410 04:50:05.283" level="INFO">Clicking button 'btn-login'.</msg>
<status status="PASS" starttime="20210410 04:50:05.283" endtime="20210410 04:50:05.376"></status>
</kw>
<kw name="Wait Until Page Contains Element" library="Selenium2Library">
<doc>Waits until the element ``locator`` appears on the current page.</doc>
<arguments>
<arg>name:validate_user</arg>
</arguments>
<status status="PASS" starttime="20210410 04:50:05.377" endtime="20210410 04:50:06.735"></status>
</kw>
<kw name="Wait Until Page Contains Element" library="Selenium2Library">
<doc>Waits until the element ``locator`` appears on the current page.</doc>
<arguments>
<arg>name:user-manage-bot</arg>
</arguments>
<status status="PASS" starttime="20210410 04:50:06.736" endtime="20210410 04:50:06.752"></status>
</kw>
<status status="PASS" starttime="20210410 04:50:02.542" endtime="20210410 04:50:06.753"></status>
</kw>
<kw name="Go to Manage Bot Page" library="source-manage-bot">
<kw name="Click Link" library="Selenium2Library">
<doc>Clicks a link identified by ``locator``.</doc>
<arguments>
<arg>user-dropdown</arg>
</arguments>
<msg timestamp="20210410 04:50:06.755" level="INFO">Clicking link 'user-dropdown'.</msg>
<status status="PASS" starttime="20210410 04:50:06.755" endtime="20210410 04:50:07.217"></status>
</kw>
<kw name="Click Element" library="Selenium2Library">
<doc>Click the element identified by ``locator``.</doc>
<arguments>
<arg>user-manage</arg>
</arguments>
<msg timestamp="20210410 04:50:07.218" level="INFO">Clicking element 'user-manage'.</msg>
<status status="PASS" starttime="20210410 04:50:07.218" endtime="20210410 04:50:07.493"></status>
</kw>
<kw name="Wait Until Page Contains Element" library="Selenium2Library">
<doc>Waits until the element ``locator`` appears on the current page.</doc>
<arguments>
<arg>name:bot_list</arg>
</arguments>
<status status="PASS" starttime="20210410 04:50:07.493" endtime="20210410 04:50:07.514"></status>
</kw>
<kw name="Click Element" library="Selenium2Library">
<doc>Click the element identified by ``locator``.</doc>
<arguments>
<arg>name:bot_list</arg>
</arguments>
<msg timestamp="20210410 04:50:07.515" level="INFO">Clicking element 'name:bot_list'.</msg>
<status status="PASS" starttime="20210410 04:50:07.514" endtime="20210410 04:50:07.719"></status>
</kw>
<status status="PASS" starttime="20210410 04:50:06.754" endtime="20210410 04:50:07.720"></status>
</kw>
<kw name="Check Specific Link Functionality">
<arguments>
<arg>name:menu-history</arg>
<arg>id:history-header</arg>
</arguments>
<kw name="Wait Until Element Is Visible" library="Selenium2Library">
<doc>Waits until the element ``locator`` is visible.</doc>
<arguments>
<arg>${li}</arg>
<arg>20</arg>
</arguments>
<status status="PASS" starttime="20210410 04:50:07.721" endtime="20210410 04:50:07.764"></status>
</kw>
<kw name="Click Link" library="Selenium2Library">
<doc>Clicks a link identified by ``locator``.</doc>
<arguments>
<arg>${li}</arg>
</arguments>
<msg timestamp="20210410 04:50:07.766" level="INFO">Clicking link 'name:menu-history'.</msg>
<status status="PASS" starttime="20210410 04:50:07.765" endtime="20210410 04:50:08.269"></status>
</kw>
<kw name="Wait Until Element Is Visible" library="Selenium2Library">
<doc>Waits until the element ``locator`` is visible.</doc>
<arguments>
<arg>${header}</arg>
<arg>20</arg>
</arguments>
<status status="PASS" starttime="20210410 04:50:08.269" endtime="20210410 04:50:08.307"></status>
</kw>
<status status="PASS" starttime="20210410 04:50:07.720" endtime="20210410 04:50:08.307"></status>
</kw>
<kw name="Close Browser" library="Selenium2Library" type="teardown">
<doc>Closes the current browser.</doc>
<status status="PASS" starttime="20210410 04:50:08.308" endtime="20210410 04:50:10.767"></status>
</kw>
<doc>Test if History Menu led to correct path</doc>
<status status="PASS" starttime="20210410 04:50:02.541" endtime="20210410 04:50:10.768" critical="yes"></status>
</test>
<test id="s1-t7" name="Inventory Menu">
<kw name="Valid Login" library="source-login">
<kw name="Open Browser" library="Selenium2Library">
<doc>Opens a new browser instance to the optional ``url``.</doc>
<arguments>
<arg>http://localhost:3000/login</arg>
<arg>Chrome</arg>
</arguments>
<msg timestamp="20210410 04:50:10.772" level="INFO">Opening browser 'Chrome' to base url 'http://localhost:3000/login'.</msg>
<status status="PASS" starttime="20210410 04:50:10.772" endtime="20210410 04:50:13.296"></status>
</kw>
<kw name="Input Username" library="source-login">
<arguments>
<arg>admin</arg>
</arguments>
<kw name="Input Text" library="Selenium2Library">
<doc>Types the given ``text`` into the text field identified by ``locator``.</doc>
<arguments>
<arg>username</arg>
<arg>${username}</arg>
</arguments>
<msg timestamp="20210410 04:50:13.299" level="INFO">Typing text 'admin' into text field 'username'.</msg>
<status status="PASS" starttime="20210410 04:50:13.298" endtime="20210410 04:50:13.441"></status>
</kw>
<status status="PASS" starttime="20210410 04:50:13.297" endtime="20210410 04:50:13.441"></status>
</kw>
<kw name="Input Password" library="source-login">
<arguments>
<arg>1234</arg>
</arguments>
<kw name="Input Text" library="Selenium2Library">
<doc>Types the given ``text`` into the text field identified by ``locator``.</doc>
<arguments>
<arg>password</arg>
<arg>${password}</arg>
</arguments>
<msg timestamp="20210410 04:50:13.443" level="INFO">Typing text '1234' into text field 'password'.</msg>
<status status="PASS" starttime="20210410 04:50:13.442" endtime="20210410 04:50:13.587"></status>
</kw>
<status status="PASS" starttime="20210410 04:50:13.442" endtime="20210410 04:50:13.588"></status>
</kw>
<kw name="Click Button" library="Selenium2Library">
<doc>Clicks the button identified by ``locator``.</doc>
<arguments>
<arg>btn-login</arg>
</arguments>
<msg timestamp="20210410 04:50:13.589" level="INFO">Clicking button 'btn-login'.</msg>
<status status="PASS" starttime="20210410 04:50:13.588" endtime="20210410 04:50:13.716"></status>
</kw>
<kw name="Wait Until Page Contains Element" library="Selenium2Library">
<doc>Waits until the element ``locator`` appears on the current page.</doc>
<arguments>
<arg>name:validate_user</arg>
</arguments>
<status status="PASS" starttime="20210410 04:50:13.716" endtime="20210410 04:50:15.118"></status>
</kw>
<kw name="Wait Until Page Contains Element" library="Selenium2Library">
<doc>Waits until the element ``locator`` appears on the current page.</doc>
<arguments>
<arg>name:user-manage-bot</arg>
</arguments>
<status status="PASS" starttime="20210410 04:50:15.118" endtime="20210410 04:50:15.134"></status>
</kw>
<status status="PASS" starttime="20210410 04:50:10.771" endtime="20210410 04:50:15.135"></status>
</kw>
<kw name="Go to Manage Bot Page" library="source-manage-bot">
<kw name="Click Link" library="Selenium2Library">
<doc>Clicks a link identified by ``locator``.</doc>
<arguments>
<arg>user-dropdown</arg>
</arguments>
<msg timestamp="20210410 04:50:15.136" level="INFO">Clicking link 'user-dropdown'.</msg>
<status status="PASS" starttime="20210410 04:50:15.136" endtime="20210410 04:50:15.583"></status>
</kw>
<kw name="Click Element" library="Selenium2Library">
<doc>Click the element identified by ``locator``.</doc>
<arguments>
<arg>user-manage</arg>
</arguments>
<msg timestamp="20210410 04:50:15.583" level="INFO">Clicking element 'user-manage'.</msg>
<status status="PASS" starttime="20210410 04:50:15.583" endtime="20210410 04:50:15.944"></status>
</kw>
<kw name="Wait Until Page Contains Element" library="Selenium2Library">
<doc>Waits until the element ``locator`` appears on the current page.</doc>
<arguments>
<arg>name:bot_list</arg>
</arguments>
<status status="PASS" starttime="20210410 04:50:15.944" endtime="20210410 04:50:15.970"></status>
</kw>
<kw name="Click Element" library="Selenium2Library">
<doc>Click the element identified by ``locator``.</doc>
<arguments>
<arg>name:bot_list</arg>
</arguments>
<msg timestamp="20210410 04:50:15.971" level="INFO">Clicking element 'name:bot_list'.</msg>
<status status="PASS" starttime="20210410 04:50:15.970" endtime="20210410 04:50:16.171"></status>
</kw>
<status status="PASS" starttime="20210410 04:50:15.135" endtime="20210410 04:50:16.172"></status>
</kw>
<kw name="Check Specific Link Functionality">
<arguments>
<arg>name:menu-inventory</arg>
<arg>id:inventory-header</arg>
</arguments>
<kw name="Wait Until Element Is Visible" library="Selenium2Library">
<doc>Waits until the element ``locator`` is visible.</doc>
<arguments>
<arg>${li}</arg>
<arg>20</arg>
</arguments>
<status status="PASS" starttime="20210410 04:50:16.176" endtime="20210410 04:50:16.222"></status>
</kw>
<kw name="Click Link" library="Selenium2Library">
<doc>Clicks a link identified by ``locator``.</doc>
<arguments>
<arg>${li}</arg>
</arguments>
<msg timestamp="20210410 04:50:16.223" level="INFO">Clicking link 'name:menu-inventory'.</msg>
<status status="PASS" starttime="20210410 04:50:16.222" endtime="20210410 04:50:16.469"></status>
</kw>
<kw name="Wait Until Element Is Visible" library="Selenium2Library">
<doc>Waits until the element ``locator`` is visible.</doc>
<arguments>
<arg>${header}</arg>
<arg>20</arg>
</arguments>
<status status="PASS" starttime="20210410 04:50:16.469" endtime="20210410 04:50:16.510"></status>
</kw>
<status status="PASS" starttime="20210410 04:50:16.174" endtime="20210410 04:50:16.511"></status>
</kw>
<kw name="Close Browser" library="Selenium2Library" type="teardown">
<doc>Closes the current browser.</doc>
<status status="PASS" starttime="20210410 04:50:16.511" endtime="20210410 04:50:19.128"></status>
</kw>
<doc>Test if Inventory Menu led to correct path</doc>
<status status="PASS" starttime="20210410 04:50:10.770" endtime="20210410 04:50:19.128" critical="yes"></status>
</test>
<test id="s1-t8" name="Customer Information Menu">
<kw name="Valid Login" library="source-login">
<kw name="Open Browser" library="Selenium2Library">
<doc>Opens a new browser instance to the optional ``url``.</doc>
<arguments>
<arg>http://localhost:3000/login</arg>
<arg>Chrome</arg>
</arguments>
<msg timestamp="20210410 04:50:19.133" level="INFO">Opening browser 'Chrome' to base url 'http://localhost:3000/login'.</msg>
<status status="PASS" starttime="20210410 04:50:19.133" endtime="20210410 04:50:21.848"></status>
</kw>
<kw name="Input Username" library="source-login">
<arguments>
<arg>admin</arg>
</arguments>
<kw name="Input Text" library="Selenium2Library">
<doc>Types the given ``text`` into the text field identified by ``locator``.</doc>
<arguments>
<arg>username</arg>
<arg>${username}</arg>
</arguments>
<msg timestamp="20210410 04:50:21.849" level="INFO">Typing text 'admin' into text field 'username'.</msg>
<status status="PASS" starttime="20210410 04:50:21.849" endtime="20210410 04:50:22.019"></status>
</kw>
<status status="PASS" starttime="20210410 04:50:21.848" endtime="20210410 04:50:22.019"></status>
</kw>
<kw name="Input Password" library="source-login">
<arguments>
<arg>1234</arg>
</arguments>
<kw name="Input Text" library="Selenium2Library">
<doc>Types the given ``text`` into the text field identified by ``locator``.</doc>
<arguments>
<arg>password</arg>
<arg>${password}</arg>
</arguments>
<msg timestamp="20210410 04:50:22.020" level="INFO">Typing text '1234' into text field 'password'.</msg>
<status status="PASS" starttime="20210410 04:50:22.020" endtime="20210410 04:50:22.161"></status>
</kw>
<status status="PASS" starttime="20210410 04:50:22.019" endtime="20210410 04:50:22.162"></status>
</kw>
<kw name="Click Button" library="Selenium2Library">
<doc>Clicks the button identified by ``locator``.</doc>
<arguments>
<arg>btn-login</arg>
</arguments>
<msg timestamp="20210410 04:50:22.163" level="INFO">Clicking button 'btn-login'.</msg>
<status status="PASS" starttime="20210410 04:50:22.162" endtime="20210410 04:50:22.259"></status>
</kw>
<kw name="Wait Until Page Contains Element" library="Selenium2Library">
<doc>Waits until the element ``locator`` appears on the current page.</doc>
<arguments>
<arg>name:validate_user</arg>
</arguments>
<status status="PASS" starttime="20210410 04:50:22.259" endtime="20210410 04:50:23.550"></status>
</kw>
<kw name="Wait Until Page Contains Element" library="Selenium2Library">
<doc>Waits until the element ``locator`` appears on the current page.</doc>
<arguments>
<arg>name:user-manage-bot</arg>
</arguments>
<status status="PASS" starttime="20210410 04:50:23.551" endtime="20210410 04:50:23.571"></status>
</kw>
<status status="PASS" starttime="20210410 04:50:19.132" endtime="20210410 04:50:23.571"></status>
</kw>
<kw name="Go to Manage Bot Page" library="source-manage-bot">
<kw name="Click Link" library="Selenium2Library">
<doc>Clicks a link identified by ``locator``.</doc>
<arguments>
<arg>user-dropdown</arg>
</arguments>
<msg timestamp="20210410 04:50:23.574" level="INFO">Clicking link 'user-dropdown'.</msg>
<status status="PASS" starttime="20210410 04:50:23.573" endtime="20210410 04:50:24.016"></status>
</kw>
<kw name="Click Element" library="Selenium2Library">
<doc>Click the element identified by ``locator``.</doc>
<arguments>
<arg>user-manage</arg>
</arguments>
<msg timestamp="20210410 04:50:24.017" level="INFO">Clicking element 'user-manage'.</msg>
<status status="PASS" starttime="20210410 04:50:24.017" endtime="20210410 04:50:24.324"></status>
</kw>
<kw name="Wait Until Page Contains Element" library="Selenium2Library">
<doc>Waits until the element ``locator`` appears on the current page.</doc>
<arguments>
<arg>name:bot_list</arg>
</arguments>
<status status="PASS" starttime="20210410 04:50:24.325" endtime="20210410 04:50:24.364"></status>
</kw>
<kw name="Click Element" library="Selenium2Library">
<doc>Click the element identified by ``locator``.</doc>
<arguments>
<arg>name:bot_list</arg>
</arguments>
<msg timestamp="20210410 04:50:24.365" level="INFO">Clicking element 'name:bot_list'.</msg>
<status status="PASS" starttime="20210410 04:50:24.365" endtime="20210410 04:50:24.552"></status>
</kw>
<status status="PASS" starttime="20210410 04:50:23.572" endtime="20210410 04:50:24.552"></status>
</kw>
<kw name="Check Specific Link Functionality">
<arguments>
<arg>name:menu-customer</arg>
<arg>id:customer-header</arg>
</arguments>
<kw name="Wait Until Element Is Visible" library="Selenium2Library">
<doc>Waits until the element ``locator`` is visible.</doc>
<arguments>
<arg>${li}</arg>
<arg>20</arg>
</arguments>
<status status="PASS" starttime="20210410 04:50:24.556" endtime="20210410 04:50:31.254"></status>
</kw>
<kw name="Click Link" library="Selenium2Library">
<doc>Clicks a link identified by ``locator``.</doc>
<arguments>
<arg>${li}</arg>
</arguments>
<msg timestamp="20210410 04:50:31.255" level="INFO">Clicking link 'name:menu-customer'.</msg>
<status status="PASS" starttime="20210410 04:50:31.255" endtime="20210410 04:50:31.326"></status>
</kw>
<kw name="Wait Until Element Is Visible" library="Selenium2Library">
<doc>Waits until the element ``locator`` is visible.</doc>
<arguments>
<arg>${header}</arg>
<arg>20</arg>
</arguments>
<status status="PASS" starttime="20210410 04:50:31.326" endtime="20210410 04:50:31.369"></status>
</kw>
<status status="PASS" starttime="20210410 04:50:24.555" endtime="20210410 04:50:31.369"></status>
</kw>
<kw name="Close Browser" library="Selenium2Library" type="teardown">
<doc>Closes the current browser.</doc>
<status status="PASS" starttime="20210410 04:50:31.370" endtime="20210410 04:50:33.494"></status>
</kw>
<doc>Test if Customer Information Menu led to correct path</doc>
<status status="PASS" starttime="20210410 04:50:19.131" endtime="20210410 04:50:33.495" critical="yes"></status>
</test>
<doc>Test Side Navbar Functionality.</doc>
<status status="FAIL" starttime="20210410 04:48:53.357" endtime="20210410 04:50:33.501"></status>
</suite>
<statistics>
<total>
<stat pass="7" fail="1">Critical Tests</stat>
<stat pass="7" fail="1">All Tests</stat>
</total>
<tag>
</tag>
<suite>
<stat pass="7" fail="1" id="s1" name="Side-Navbar">Side-Navbar</stat>
</suite>
</statistics>
<errors>
</errors>
</robot>
