<?xml version="1.0" encoding="UTF-8"?>
<robot generator="Robot 3.2.2 (Python 3.7.4rc1 on win32)" generated="20210410 03:30:09.949" rpa="false">
<suite id="s1" name="Training" source="C:\Users\HP\Desktop\A1_project\server\training.robot">
<test id="s1-t1" name="Training Page">
<kw name="Valid Login" library="source-login">
<kw name="Open Browser" library="Selenium2Library">
<doc>Opens a new browser instance to the optional ``url``.</doc>
<arguments>
<arg>http://localhost:3000/login</arg>
<arg>Chrome</arg>
</arguments>
<msg timestamp="20210410 03:30:10.253" level="INFO">Opening browser 'Chrome' to base url 'http://localhost:3000/login'.</msg>
<status status="PASS" starttime="20210410 03:30:10.252" endtime="20210410 03:30:13.236"></status>
</kw>
<kw name="Input Username" library="source-login">
<arguments>
<arg>admin</arg>
</arguments>
<kw name="Input Text" library="Selenium2Library">
<doc>Types the given ``text`` into the text field identified by ``locator``.</doc>
<arguments>
<arg>username</arg>
<arg>${username}</arg>
</arguments>
<msg timestamp="20210410 03:30:13.237" level="INFO">Typing text 'admin' into text field 'username'.</msg>
<status status="PASS" starttime="20210410 03:30:13.237" endtime="20210410 03:30:13.388"></status>
</kw>
<status status="PASS" starttime="20210410 03:30:13.236" endtime="20210410 03:30:13.388"></status>
</kw>
<kw name="Input Password" library="source-login">
<arguments>
<arg>1234</arg>
</arguments>
<kw name="Input Text" library="Selenium2Library">
<doc>Types the given ``text`` into the text field identified by ``locator``.</doc>
<arguments>
<arg>password</arg>
<arg>${password}</arg>
</arguments>
<msg timestamp="20210410 03:30:13.389" level="INFO">Typing text '1234' into text field 'password'.</msg>
<status status="PASS" starttime="20210410 03:30:13.389" endtime="20210410 03:30:13.532"></status>
</kw>
<status status="PASS" starttime="20210410 03:30:13.388" endtime="20210410 03:30:13.532"></status>
</kw>
<kw name="Click Button" library="Selenium2Library">
<doc>Clicks the button identified by ``locator``.</doc>
<arguments>
<arg>btn-login</arg>
</arguments>
<msg timestamp="20210410 03:30:13.533" level="INFO">Clicking button 'btn-login'.</msg>
<status status="PASS" starttime="20210410 03:30:13.532" endtime="20210410 03:30:13.631"></status>
</kw>
<kw name="Wait Until Page Contains Element" library="Selenium2Library">
<doc>Waits until the element ``locator`` appears on the current page.</doc>
<arguments>
<arg>name:validate_user</arg>
</arguments>
<status status="PASS" starttime="20210410 03:30:13.632" endtime="20210410 03:30:15.071"></status>
</kw>
<kw name="Wait Until Page Contains Element" library="Selenium2Library">
<doc>Waits until the element ``locator`` appears on the current page.</doc>
<arguments>
<arg>name:user-manage-bot</arg>
</arguments>
<status status="PASS" starttime="20210410 03:30:15.072" endtime="20210410 03:30:15.092"></status>
</kw>
<status status="PASS" starttime="20210410 03:30:10.252" endtime="20210410 03:30:15.092"></status>
</kw>
<kw name="Go to Manage Bot Page" library="source-manage-bot">
<kw name="Click Link" library="Selenium2Library">
<doc>Clicks a link identified by ``locator``.</doc>
<arguments>
<arg>user-dropdown</arg>
</arguments>
<msg timestamp="20210410 03:30:15.094" level="INFO">Clicking link 'user-dropdown'.</msg>
<status status="PASS" starttime="20210410 03:30:15.094" endtime="20210410 03:30:15.590"></status>
</kw>
<kw name="Click Element" library="Selenium2Library">
<doc>Click the element identified by ``locator``.</doc>
<arguments>
<arg>user-manage</arg>
</arguments>
<msg timestamp="20210410 03:30:15.591" level="INFO">Clicking element 'user-manage'.</msg>
<status status="PASS" starttime="20210410 03:30:15.591" endtime="20210410 03:30:15.936"></status>
</kw>
<kw name="Wait Until Page Contains Element" library="Selenium2Library">
<doc>Waits until the element ``locator`` appears on the current page.</doc>
<arguments>
<arg>name:bot_list</arg>
</arguments>
<status status="PASS" starttime="20210410 03:30:15.937" endtime="20210410 03:30:15.961"></status>
</kw>
<kw name="Click Element" library="Selenium2Library">
<doc>Click the element identified by ``locator``.</doc>
<arguments>
<arg>name:bot_list</arg>
</arguments>
<msg timestamp="20210410 03:30:15.962" level="INFO">Clicking element 'name:bot_list'.</msg>
<status status="PASS" starttime="20210410 03:30:15.962" endtime="20210410 03:30:16.199"></status>
</kw>
<status status="PASS" starttime="20210410 03:30:15.093" endtime="20210410 03:30:16.200"></status>
</kw>
<kw name="Wait Until Element Is Visible" library="Selenium2Library">
<doc>Waits until the element ``locator`` is visible.</doc>
<arguments>
<arg>id:training-header</arg>
<arg>10</arg>
</arguments>
<status status="PASS" starttime="20210410 03:30:16.201" endtime="20210410 03:30:16.256"></status>
</kw>
<kw name="Close Browser" library="Selenium2Library" type="teardown">
<doc>Closes the current browser.</doc>
<status status="PASS" starttime="20210410 03:30:16.259" endtime="20210410 03:30:19.436"></status>
</kw>
<doc>Test if Training path has correct path</doc>
<status status="PASS" starttime="20210410 03:30:10.251" endtime="20210410 03:30:19.438" critical="yes"></status>
</test>
<test id="s1-t2" name="Add Word Pop-up">
<kw name="Valid Login" library="source-login">
<kw name="Open Browser" library="Selenium2Library">
<doc>Opens a new browser instance to the optional ``url``.</doc>
<arguments>
<arg>http://localhost:3000/login</arg>
<arg>Chrome</arg>
</arguments>
<msg timestamp="20210410 03:30:19.453" level="INFO">Opening browser 'Chrome' to base url 'http://localhost:3000/login'.</msg>
<status status="PASS" starttime="20210410 03:30:19.452" endtime="20210410 03:30:22.232"></status>
</kw>
<kw name="Input Username" library="source-login">
<arguments>
<arg>admin</arg>
</arguments>
<kw name="Input Text" library="Selenium2Library">
<doc>Types the given ``text`` into the text field identified by ``locator``.</doc>
<arguments>
<arg>username</arg>
<arg>${username}</arg>
</arguments>
<msg timestamp="20210410 03:30:22.234" level="INFO">Typing text 'admin' into text field 'username'.</msg>
<status status="PASS" starttime="20210410 03:30:22.233" endtime="20210410 03:30:22.404"></status>
</kw>
<status status="PASS" starttime="20210410 03:30:22.232" endtime="20210410 03:30:22.404"></status>
</kw>
<kw name="Input Password" library="source-login">
<arguments>
<arg>1234</arg>
</arguments>
<kw name="Input Text" library="Selenium2Library">
<doc>Types the given ``text`` into the text field identified by ``locator``.</doc>
<arguments>
<arg>password</arg>
<arg>${password}</arg>
</arguments>
<msg timestamp="20210410 03:30:22.406" level="INFO">Typing text '1234' into text field 'password'.</msg>
<status status="PASS" starttime="20210410 03:30:22.405" endtime="20210410 03:30:22.570"></status>
</kw>
<status status="PASS" starttime="20210410 03:30:22.404" endtime="20210410 03:30:22.571"></status>
</kw>
<kw name="Click Button" library="Selenium2Library">
<doc>Clicks the button identified by ``locator``.</doc>
<arguments>
<arg>btn-login</arg>
</arguments>
<msg timestamp="20210410 03:30:22.572" level="INFO">Clicking button 'btn-login'.</msg>
<status status="PASS" starttime="20210410 03:30:22.571" endtime="20210410 03:30:22.670"></status>
</kw>
<kw name="Wait Until Page Contains Element" library="Selenium2Library">
<doc>Waits until the element ``locator`` appears on the current page.</doc>
<arguments>
<arg>name:validate_user</arg>
</arguments>
<status status="PASS" starttime="20210410 03:30:22.671" endtime="20210410 03:30:24.041"></status>
</kw>
<kw name="Wait Until Page Contains Element" library="Selenium2Library">
<doc>Waits until the element ``locator`` appears on the current page.</doc>
<arguments>
<arg>name:user-manage-bot</arg>
</arguments>
<status status="PASS" starttime="20210410 03:30:24.042" endtime="20210410 03:30:24.070"></status>
</kw>
<status status="PASS" starttime="20210410 03:30:19.450" endtime="20210410 03:30:24.071"></status>
</kw>
<kw name="Go to Manage Bot Page" library="source-manage-bot">
<kw name="Click Link" library="Selenium2Library">
<doc>Clicks a link identified by ``locator``.</doc>
<arguments>
<arg>user-dropdown</arg>
</arguments>
<msg timestamp="20210410 03:30:24.073" level="INFO">Clicking link 'user-dropdown'.</msg>
<status status="PASS" starttime="20210410 03:30:24.073" endtime="20210410 03:30:24.564"></status>
</kw>
<kw name="Click Element" library="Selenium2Library">
<doc>Click the element identified by ``locator``.</doc>
<arguments>
<arg>user-manage</arg>
</arguments>
<msg timestamp="20210410 03:30:24.565" level="INFO">Clicking element 'user-manage'.</msg>
<status status="PASS" starttime="20210410 03:30:24.564" endtime="20210410 03:30:24.895"></status>
</kw>
<kw name="Wait Until Page Contains Element" library="Selenium2Library">
<doc>Waits until the element ``locator`` appears on the current page.</doc>
<arguments>
<arg>name:bot_list</arg>
</arguments>
<status status="PASS" starttime="20210410 03:30:24.895" endtime="20210410 03:30:24.925"></status>
</kw>
<kw name="Click Element" library="Selenium2Library">
<doc>Click the element identified by ``locator``.</doc>
<arguments>
<arg>name:bot_list</arg>
</arguments>
<msg timestamp="20210410 03:30:24.925" level="INFO">Clicking element 'name:bot_list'.</msg>
<status status="PASS" starttime="20210410 03:30:24.925" endtime="20210410 03:30:25.088"></status>
</kw>
<status status="PASS" starttime="20210410 03:30:24.072" endtime="20210410 03:30:25.089"></status>
</kw>
<kw name="Wait Until Element Is Visible" library="Selenium2Library">
<doc>Waits until the element ``locator`` is visible.</doc>
<arguments>
<arg>id:training-header</arg>
<arg>10</arg>
</arguments>
<status status="PASS" starttime="20210410 03:30:25.090" endtime="20210410 03:30:26.992"></status>
</kw>
<kw name="Submit Button">
<arguments>
<arg>btn-addword</arg>
</arguments>
<kw name="Click Button" library="Selenium2Library">
<doc>Clicks the button identified by ``locator``.</doc>
<arguments>
<arg>${button}</arg>
</arguments>
<msg timestamp="20210410 03:30:26.994" level="INFO">Clicking button 'btn-addword'.</msg>
<status status="PASS" starttime="20210410 03:30:26.993" endtime="20210410 03:30:27.153"></status>
</kw>
<status status="PASS" starttime="20210410 03:30:26.992" endtime="20210410 03:30:27.154"></status>
</kw>
<kw name="Close Browser" library="Selenium2Library" type="teardown">
<doc>Closes the current browser.</doc>
<status status="PASS" starttime="20210410 03:30:27.156" endtime="20210410 03:30:30.498"></status>
</kw>
<doc>Test if Add Word Pop-up work perfectly</doc>
<status status="PASS" starttime="20210410 03:30:19.447" endtime="20210410 03:30:30.498" critical="yes"></status>
</test>
<test id="s1-t3" name="Delete Word Pop-up">
<kw name="Valid Login" library="source-login">
<kw name="Open Browser" library="Selenium2Library">
<doc>Opens a new browser instance to the optional ``url``.</doc>
<arguments>
<arg>http://localhost:3000/login</arg>
<arg>Chrome</arg>
</arguments>
<msg timestamp="20210410 03:30:30.503" level="INFO">Opening browser 'Chrome' to base url 'http://localhost:3000/login'.</msg>
<status status="PASS" starttime="20210410 03:30:30.503" endtime="20210410 03:30:33.804"></status>
</kw>
<kw name="Input Username" library="source-login">
<arguments>
<arg>admin</arg>
</arguments>
<kw name="Input Text" library="Selenium2Library">
<doc>Types the given ``text`` into the text field identified by ``locator``.</doc>
<arguments>
<arg>username</arg>
<arg>${username}</arg>
</arguments>
<msg timestamp="20210410 03:30:33.807" level="INFO">Typing text 'admin' into text field 'username'.</msg>
<status status="PASS" starttime="20210410 03:30:33.806" endtime="20210410 03:30:33.976"></status>
</kw>
<status status="PASS" starttime="20210410 03:30:33.805" endtime="20210410 03:30:33.976"></status>
</kw>
<kw name="Input Password" library="source-login">
<arguments>
<arg>1234</arg>
</arguments>
<kw name="Input Text" library="Selenium2Library">
<doc>Types the given ``text`` into the text field identified by ``locator``.</doc>
<arguments>
<arg>password</arg>
<arg>${password}</arg>
</arguments>
<msg timestamp="20210410 03:30:33.979" level="INFO">Typing text '1234' into text field 'password'.</msg>
<status status="PASS" starttime="20210410 03:30:33.978" endtime="20210410 03:30:34.152"></status>
</kw>
<status status="PASS" starttime="20210410 03:30:33.977" endtime="20210410 03:30:34.152"></status>
</kw>
<kw name="Click Button" library="Selenium2Library">
<doc>Clicks the button identified by ``locator``.</doc>
<arguments>
<arg>btn-login</arg>
</arguments>
<msg timestamp="20210410 03:30:34.154" level="INFO">Clicking button 'btn-login'.</msg>
<status status="PASS" starttime="20210410 03:30:34.153" endtime="20210410 03:30:34.242"></status>
</kw>
<kw name="Wait Until Page Contains Element" library="Selenium2Library">
<doc>Waits until the element ``locator`` appears on the current page.</doc>
<arguments>
<arg>name:validate_user</arg>
</arguments>
<status status="PASS" starttime="20210410 03:30:34.243" endtime="20210410 03:30:36.270"></status>
</kw>
<kw name="Wait Until Page Contains Element" library="Selenium2Library">
<doc>Waits until the element ``locator`` appears on the current page.</doc>
<arguments>
<arg>name:user-manage-bot</arg>
</arguments>
<status status="PASS" starttime="20210410 03:30:36.270" endtime="20210410 03:30:36.289"></status>
</kw>
<status status="PASS" starttime="20210410 03:30:30.501" endtime="20210410 03:30:36.290"></status>
</kw>
<kw name="Go to Manage Bot Page" library="source-manage-bot">
<kw name="Click Link" library="Selenium2Library">
<doc>Clicks a link identified by ``locator``.</doc>
<arguments>
<arg>user-dropdown</arg>
</arguments>
<msg timestamp="20210410 03:30:36.291" level="INFO">Clicking link 'user-dropdown'.</msg>
<status status="PASS" starttime="20210410 03:30:36.291" endtime="20210410 03:30:36.403"></status>
</kw>
<kw name="Click Element" library="Selenium2Library">
<doc>Click the element identified by ``locator``.</doc>
<arguments>
<arg>user-manage</arg>
</arguments>
<msg timestamp="20210410 03:30:36.404" level="INFO">Clicking element 'user-manage'.</msg>
<status status="PASS" starttime="20210410 03:30:36.403" endtime="20210410 03:30:36.754"></status>
</kw>
<kw name="Wait Until Page Contains Element" library="Selenium2Library">
<doc>Waits until the element ``locator`` appears on the current page.</doc>
<arguments>
<arg>name:bot_list</arg>
</arguments>
<status status="PASS" starttime="20210410 03:30:36.755" endtime="20210410 03:30:36.788"></status>
</kw>
<kw name="Click Element" library="Selenium2Library">
<doc>Click the element identified by ``locator``.</doc>
<arguments>
<arg>name:bot_list</arg>
</arguments>
<msg timestamp="20210410 03:30:36.788" level="INFO">Clicking element 'name:bot_list'.</msg>
<status status="PASS" starttime="20210410 03:30:36.788" endtime="20210410 03:30:36.953"></status>
</kw>
<status status="PASS" starttime="20210410 03:30:36.290" endtime="20210410 03:30:36.954"></status>
</kw>
<kw name="Wait Until Element Is Visible" library="Selenium2Library">
<doc>Waits until the element ``locator`` is visible.</doc>
<arguments>
<arg>id:training-header</arg>
<arg>10</arg>
</arguments>
<status status="PASS" starttime="20210410 03:30:36.955" endtime="20210410 03:30:38.147"></status>
</kw>
<kw name="Submit Button">
<arguments>
<arg>btn-delword</arg>
</arguments>
<kw name="Click Button" library="Selenium2Library">
<doc>Clicks the button identified by ``locator``.</doc>
<arguments>
<arg>${button}</arg>
</arguments>
<msg timestamp="20210410 03:30:38.149" level="INFO">Clicking button 'btn-delword'.</msg>
<status status="PASS" starttime="20210410 03:30:38.148" endtime="20210410 03:30:38.523"></status>
</kw>
<status status="PASS" starttime="20210410 03:30:38.147" endtime="20210410 03:30:38.523"></status>
</kw>
<kw name="Close Browser" library="Selenium2Library" type="teardown">
<doc>Closes the current browser.</doc>
<status status="PASS" starttime="20210410 03:30:38.524" endtime="20210410 03:30:42.174"></status>
</kw>
<doc>Test if Delete Word Pop-up work perfectly</doc>
<status status="PASS" starttime="20210410 03:30:30.501" endtime="20210410 03:30:42.175" critical="yes"></status>
</test>
<test id="s1-t4" name="Add Duplicate Question and Answer">
<kw name="Valid Login" library="source-login">
<kw name="Open Browser" library="Selenium2Library">
<doc>Opens a new browser instance to the optional ``url``.</doc>
<arguments>
<arg>http://localhost:3000/login</arg>
<arg>Chrome</arg>
</arguments>
<msg timestamp="20210410 03:30:42.179" level="INFO">Opening browser 'Chrome' to base url 'http://localhost:3000/login'.</msg>
<status status="PASS" starttime="20210410 03:30:42.179" endtime="20210410 03:30:44.932"></status>
</kw>
<kw name="Input Username" library="source-login">
<arguments>
<arg>admin</arg>
</arguments>
<kw name="Input Text" library="Selenium2Library">
<doc>Types the given ``text`` into the text field identified by ``locator``.</doc>
<arguments>
<arg>username</arg>
<arg>${username}</arg>
</arguments>
<msg timestamp="20210410 03:30:44.935" level="INFO">Typing text 'admin' into text field 'username'.</msg>
<status status="PASS" starttime="20210410 03:30:44.934" endtime="20210410 03:30:45.189"></status>
</kw>
<status status="PASS" starttime="20210410 03:30:44.932" endtime="20210410 03:30:45.190"></status>
</kw>
<kw name="Input Password" library="source-login">
<arguments>
<arg>1234</arg>
</arguments>
<kw name="Input Text" library="Selenium2Library">
<doc>Types the given ``text`` into the text field identified by ``locator``.</doc>
<arguments>
<arg>password</arg>
<arg>${password}</arg>
</arguments>
<msg timestamp="20210410 03:30:45.192" level="INFO">Typing text '1234' into text field 'password'.</msg>
<status status="PASS" starttime="20210410 03:30:45.191" endtime="20210410 03:30:45.479"></status>
</kw>
<status status="PASS" starttime="20210410 03:30:45.190" endtime="20210410 03:30:45.480"></status>
</kw>
<kw name="Click Button" library="Selenium2Library">
<doc>Clicks the button identified by ``locator``.</doc>
<arguments>
<arg>btn-login</arg>
</arguments>
<msg timestamp="20210410 03:30:45.480" level="INFO">Clicking button 'btn-login'.</msg>
<status status="PASS" starttime="20210410 03:30:45.480" endtime="20210410 03:30:45.594"></status>
</kw>
<kw name="Wait Until Page Contains Element" library="Selenium2Library">
<doc>Waits until the element ``locator`` appears on the current page.</doc>
<arguments>
<arg>name:validate_user</arg>
</arguments>
<status status="PASS" starttime="20210410 03:30:45.594" endtime="20210410 03:30:47.055"></status>
</kw>
<kw name="Wait Until Page Contains Element" library="Selenium2Library">
<doc>Waits until the element ``locator`` appears on the current page.</doc>
<arguments>
<arg>name:user-manage-bot</arg>
</arguments>
<status status="PASS" starttime="20210410 03:30:47.055" endtime="20210410 03:30:47.073"></status>
</kw>
<status status="PASS" starttime="20210410 03:30:42.178" endtime="20210410 03:30:47.074"></status>
</kw>
<kw name="Go to Manage Bot Page" library="source-manage-bot">
<kw name="Click Link" library="Selenium2Library">
<doc>Clicks a link identified by ``locator``.</doc>
<arguments>
<arg>user-dropdown</arg>
</arguments>
<msg timestamp="20210410 03:30:47.075" level="INFO">Clicking link 'user-dropdown'.</msg>
<status status="PASS" starttime="20210410 03:30:47.075" endtime="20210410 03:30:47.583"></status>
</kw>
<kw name="Click Element" library="Selenium2Library">
<doc>Click the element identified by ``locator``.</doc>
<arguments>
<arg>user-manage</arg>
</arguments>
<msg timestamp="20210410 03:30:47.583" level="INFO">Clicking element 'user-manage'.</msg>
<status status="PASS" starttime="20210410 03:30:47.583" endtime="20210410 03:30:47.905"></status>
</kw>
<kw name="Wait Until Page Contains Element" library="Selenium2Library">
<doc>Waits until the element ``locator`` appears on the current page.</doc>
<arguments>
<arg>name:bot_list</arg>
</arguments>
<status status="PASS" starttime="20210410 03:30:47.906" endtime="20210410 03:30:47.930"></status>
</kw>
<kw name="Click Element" library="Selenium2Library">
<doc>Click the element identified by ``locator``.</doc>
<arguments>
<arg>name:bot_list</arg>
</arguments>
<msg timestamp="20210410 03:30:47.931" level="INFO">Clicking element 'name:bot_list'.</msg>
<status status="PASS" starttime="20210410 03:30:47.931" endtime="20210410 03:30:48.074"></status>
</kw>
<status status="PASS" starttime="20210410 03:30:47.074" endtime="20210410 03:30:48.074"></status>
</kw>
<kw name="Wait Until Element Is Visible" library="Selenium2Library">
<doc>Waits until the element ``locator`` is visible.</doc>
<arguments>
<arg>id:training-header</arg>
<arg>10</arg>
</arguments>
<status status="PASS" starttime="20210410 03:30:48.075" endtime="20210410 03:30:50.185"></status>
</kw>
<kw name="Submit Button">
<arguments>
<arg>btn-addword</arg>
</arguments>
<kw name="Click Button" library="Selenium2Library">
<doc>Clicks the button identified by ``locator``.</doc>
<arguments>
<arg>${button}</arg>
</arguments>
<msg timestamp="20210410 03:30:50.186" level="INFO">Clicking button 'btn-addword'.</msg>
<status status="PASS" starttime="20210410 03:30:50.186" endtime="20210410 03:30:50.513"></status>
</kw>
<status status="PASS" starttime="20210410 03:30:50.185" endtime="20210410 03:30:50.513"></status>
</kw>
<kw name="Wait Until Element Is Visible" library="Selenium2Library">
<doc>Waits until the element ``locator`` is visible.</doc>
<arguments>
<arg>name:addword-popup</arg>
<arg>10</arg>
</arguments>
<status status="PASS" starttime="20210410 03:30:50.514" endtime="20210410 03:30:50.803"></status>
</kw>
<kw name="Input Question">
<arguments>
<arg>${question}</arg>
</arguments>
<kw name="Input Text" library="Selenium2Library">
<doc>Types the given ``text`` into the text field identified by ``locator``.</doc>
<arguments>
<arg>input-question</arg>
<arg>${question}</arg>
</arguments>
<msg timestamp="20210410 03:30:50.805" level="INFO">Typing text 'มีไข่มั้ย' into text field 'input-question'.</msg>
<status status="PASS" starttime="20210410 03:30:50.805" endtime="20210410 03:30:50.967"></status>
</kw>
<status status="PASS" starttime="20210410 03:30:50.804" endtime="20210410 03:30:50.968"></status>
</kw>
<kw name="Input Answer">
<arguments>
<arg>${answer}</arg>
</arguments>
<kw name="Input Text" library="Selenium2Library">
<doc>Types the given ``text`` into the text field identified by ``locator``.</doc>
<arguments>
<arg>input-answer</arg>
<arg>${answer}</arg>
</arguments>
<msg timestamp="20210410 03:30:50.971" level="INFO">Typing text 'ไม่มี' into text field 'input-answer'.</msg>
<status status="PASS" starttime="20210410 03:30:50.970" endtime="20210410 03:30:51.120"></status>
</kw>
<status status="PASS" starttime="20210410 03:30:50.969" endtime="20210410 03:30:51.120"></status>
</kw>
<kw name="Submit Button">
<arguments>
<arg>btn-addword-confirm</arg>
</arguments>
<kw name="Click Button" library="Selenium2Library">
<doc>Clicks the button identified by ``locator``.</doc>
<arguments>
<arg>${button}</arg>
</arguments>
<msg timestamp="20210410 03:30:51.122" level="INFO">Clicking button 'btn-addword-confirm'.</msg>
<status status="PASS" starttime="20210410 03:30:51.121" endtime="20210410 03:30:51.534"></status>
</kw>
<status status="PASS" starttime="20210410 03:30:51.121" endtime="20210410 03:30:51.534"></status>
</kw>
<kw name="Submit Button">
<arguments>
<arg>btn-addword</arg>
</arguments>
<kw name="Click Button" library="Selenium2Library">
<doc>Clicks the button identified by ``locator``.</doc>
<arguments>
<arg>${button}</arg>
</arguments>
<msg timestamp="20210410 03:30:51.536" level="INFO">Clicking button 'btn-addword'.</msg>
<status status="PASS" starttime="20210410 03:30:51.536" endtime="20210410 03:30:51.846"></status>
</kw>
<status status="PASS" starttime="20210410 03:30:51.535" endtime="20210410 03:30:51.846"></status>
</kw>
<kw name="Wait Until Element Is Visible" library="Selenium2Library">
<doc>Waits until the element ``locator`` is visible.</doc>
<arguments>
<arg>name:addword-popup</arg>
<arg>10</arg>
</arguments>
<status status="PASS" starttime="20210410 03:30:51.847" endtime="20210410 03:30:52.110"></status>
</kw>
<kw name="Input Question">
<arguments>
<arg>${question}</arg>
</arguments>
<kw name="Input Text" library="Selenium2Library">
<doc>Types the given ``text`` into the text field identified by ``locator``.</doc>
<arguments>
<arg>input-question</arg>
<arg>${question}</arg>
</arguments>
<msg timestamp="20210410 03:30:52.112" level="INFO">Typing text 'มีไข่มั้ย' into text field 'input-question'.</msg>
<status status="PASS" starttime="20210410 03:30:52.111" endtime="20210410 03:30:52.256"></status>
</kw>
<status status="PASS" starttime="20210410 03:30:52.111" endtime="20210410 03:30:52.256"></status>
</kw>
<kw name="Input Answer">
<arguments>
<arg>${answer}</arg>
</arguments>
<kw name="Input Text" library="Selenium2Library">
<doc>Types the given ``text`` into the text field identified by ``locator``.</doc>
<arguments>
<arg>input-answer</arg>
<arg>${answer}</arg>
</arguments>
<msg timestamp="20210410 03:30:52.258" level="INFO">Typing text 'ไม่มี' into text field 'input-answer'.</msg>
<status status="PASS" starttime="20210410 03:30:52.258" endtime="20210410 03:30:52.439"></status>
</kw>
<status status="PASS" starttime="20210410 03:30:52.257" endtime="20210410 03:30:52.440"></status>
</kw>
<kw name="Submit Button">
<arguments>
<arg>btn-addword-confirm</arg>
</arguments>
<kw name="Click Button" library="Selenium2Library">
<doc>Clicks the button identified by ``locator``.</doc>
<arguments>
<arg>${button}</arg>
</arguments>
<msg timestamp="20210410 03:30:52.442" level="INFO">Clicking button 'btn-addword-confirm'.</msg>
<status status="PASS" starttime="20210410 03:30:52.441" endtime="20210410 03:30:52.865"></status>
</kw>
<status status="PASS" starttime="20210410 03:30:52.440" endtime="20210410 03:30:52.865"></status>
</kw>
<kw name="Page Should Contain" library="Selenium2Library">
<doc>Verifies that current page contains ``text``.</doc>
<arguments>
<arg>Duplicate Question and Answer</arg>
</arguments>
<kw name="Capture Page Screenshot" library="Selenium2Library">
<doc>Takes a screenshot of the current page and embeds it into a log file.</doc>
<msg timestamp="20210410 03:30:53.405" level="INFO" html="yes">&lt;/td&gt;&lt;/tr&gt;&lt;tr&gt;&lt;td colspan="3"&gt;&lt;a href="selenium-screenshot-7.png"&gt;&lt;img src="selenium-screenshot-7.png" width="800px"&gt;&lt;/a&gt;</msg>
<status status="PASS" starttime="20210410 03:30:53.055" endtime="20210410 03:30:53.405"></status>
</kw>
<msg timestamp="20210410 03:30:53.408" level="FAIL">Page should have contained text 'Duplicate Question and Answer' but did not.</msg>
<status status="FAIL" starttime="20210410 03:30:52.868" endtime="20210410 03:30:53.408"></status>
</kw>
<kw name="Close Browser" library="Selenium2Library" type="teardown">
<doc>Closes the current browser.</doc>
<status status="PASS" starttime="20210410 03:30:53.409" endtime="20210410 03:30:55.610"></status>
</kw>
<doc>Test if cannot add Question and Answer duplicately</doc>
<status status="FAIL" starttime="20210410 03:30:42.177" endtime="20210410 03:30:55.612" critical="yes">Page should have contained text 'Duplicate Question and Answer' but did not.</status>
</test>
<test id="s1-t5" name="Add Blank Question">
<kw name="Valid Login" library="source-login">
<kw name="Open Browser" library="Selenium2Library">
<doc>Opens a new browser instance to the optional ``url``.</doc>
<arguments>
<arg>http://localhost:3000/login</arg>
<arg>Chrome</arg>
</arguments>
<msg timestamp="20210410 03:30:55.628" level="INFO">Opening browser 'Chrome' to base url 'http://localhost:3000/login'.</msg>
<status status="PASS" starttime="20210410 03:30:55.627" endtime="20210410 03:30:58.507"></status>
</kw>
<kw name="Input Username" library="source-login">
<arguments>
<arg>admin</arg>
</arguments>
<kw name="Input Text" library="Selenium2Library">
<doc>Types the given ``text`` into the text field identified by ``locator``.</doc>
<arguments>
<arg>username</arg>
<arg>${username}</arg>
</arguments>
<msg timestamp="20210410 03:30:58.510" level="INFO">Typing text 'admin' into text field 'username'.</msg>
<status status="PASS" starttime="20210410 03:30:58.509" endtime="20210410 03:30:58.712"></status>
</kw>
<status status="PASS" starttime="20210410 03:30:58.508" endtime="20210410 03:30:58.713"></status>
</kw>
<kw name="Input Password" library="source-login">
<arguments>
<arg>1234</arg>
</arguments>
<kw name="Input Text" library="Selenium2Library">
<doc>Types the given ``text`` into the text field identified by ``locator``.</doc>
<arguments>
<arg>password</arg>
<arg>${password}</arg>
</arguments>
<msg timestamp="20210410 03:30:58.716" level="INFO">Typing text '1234' into text field 'password'.</msg>
<status status="PASS" starttime="20210410 03:30:58.716" endtime="20210410 03:30:58.942"></status>
</kw>
<status status="PASS" starttime="20210410 03:30:58.714" endtime="20210410 03:30:58.943"></status>
</kw>
<kw name="Click Button" library="Selenium2Library">
<doc>Clicks the button identified by ``locator``.</doc>
<arguments>
<arg>btn-login</arg>
</arguments>
<msg timestamp="20210410 03:30:58.944" level="INFO">Clicking button 'btn-login'.</msg>
<status status="PASS" starttime="20210410 03:30:58.943" endtime="20210410 03:30:59.061"></status>
</kw>
<kw name="Wait Until Page Contains Element" library="Selenium2Library">
<doc>Waits until the element ``locator`` appears on the current page.</doc>
<arguments>
<arg>name:validate_user</arg>
</arguments>
<status status="PASS" starttime="20210410 03:30:59.062" endtime="20210410 03:31:00.496"></status>
</kw>
<kw name="Wait Until Page Contains Element" library="Selenium2Library">
<doc>Waits until the element ``locator`` appears on the current page.</doc>
<arguments>
<arg>name:user-manage-bot</arg>
</arguments>
<status status="PASS" starttime="20210410 03:31:00.497" endtime="20210410 03:31:00.511"></status>
</kw>
<status status="PASS" starttime="20210410 03:30:55.624" endtime="20210410 03:31:00.511"></status>
</kw>
<kw name="Go to Manage Bot Page" library="source-manage-bot">
<kw name="Click Link" library="Selenium2Library">
<doc>Clicks a link identified by ``locator``.</doc>
<arguments>
<arg>user-dropdown</arg>
</arguments>
<msg timestamp="20210410 03:31:00.513" level="INFO">Clicking link 'user-dropdown'.</msg>
<status status="PASS" starttime="20210410 03:31:00.513" endtime="20210410 03:31:00.968"></status>
</kw>
<kw name="Click Element" library="Selenium2Library">
<doc>Click the element identified by ``locator``.</doc>
<arguments>
<arg>user-manage</arg>
</arguments>
<msg timestamp="20210410 03:31:00.968" level="INFO">Clicking element 'user-manage'.</msg>
<status status="PASS" starttime="20210410 03:31:00.968" endtime="20210410 03:31:01.272"></status>
</kw>
<kw name="Wait Until Page Contains Element" library="Selenium2Library">
<doc>Waits until the element ``locator`` appears on the current page.</doc>
<arguments>
<arg>name:bot_list</arg>
</arguments>
<status status="PASS" starttime="20210410 03:31:01.272" endtime="20210410 03:31:01.298"></status>
</kw>
<kw name="Click Element" library="Selenium2Library">
<doc>Click the element identified by ``locator``.</doc>
<arguments>
<arg>name:bot_list</arg>
</arguments>
<msg timestamp="20210410 03:31:01.298" level="INFO">Clicking element 'name:bot_list'.</msg>
<status status="PASS" starttime="20210410 03:31:01.298" endtime="20210410 03:31:01.438"></status>
</kw>
<status status="PASS" starttime="20210410 03:31:00.512" endtime="20210410 03:31:01.439"></status>
</kw>
<kw name="Wait Until Element Is Visible" library="Selenium2Library">
<doc>Waits until the element ``locator`` is visible.</doc>
<arguments>
<arg>id:training-header</arg>
<arg>10</arg>
</arguments>
<status status="PASS" starttime="20210410 03:31:01.443" endtime="20210410 03:31:02.600"></status>
</kw>
<kw name="Submit Button">
<arguments>
<arg>btn-addword</arg>
</arguments>
<kw name="Click Button" library="Selenium2Library">
<doc>Clicks the button identified by ``locator``.</doc>
<arguments>
<arg>${button}</arg>
</arguments>
<msg timestamp="20210410 03:31:02.602" level="INFO">Clicking button 'btn-addword'.</msg>
<status status="PASS" starttime="20210410 03:31:02.602" endtime="20210410 03:31:02.943"></status>
</kw>
<status status="PASS" starttime="20210410 03:31:02.601" endtime="20210410 03:31:02.943"></status>
</kw>
<kw name="Wait Until Element Is Visible" library="Selenium2Library">
<doc>Waits until the element ``locator`` is visible.</doc>
<arguments>
<arg>name:addword-popup</arg>
<arg>10</arg>
</arguments>
<status status="PASS" starttime="20210410 03:31:02.944" endtime="20210410 03:31:03.263"></status>
</kw>
<kw name="Input Answer">
<arguments>
<arg>${answer}</arg>
</arguments>
<kw name="Input Text" library="Selenium2Library">
<doc>Types the given ``text`` into the text field identified by ``locator``.</doc>
<arguments>
<arg>input-answer</arg>
<arg>${answer}</arg>
</arguments>
<msg timestamp="20210410 03:31:03.265" level="INFO">Typing text 'ไม่มี' into text field 'input-answer'.</msg>
<status status="PASS" starttime="20210410 03:31:03.264" endtime="20210410 03:31:03.398"></status>
</kw>
<status status="PASS" starttime="20210410 03:31:03.263" endtime="20210410 03:31:03.398"></status>
</kw>
<kw name="Submit Button">
<arguments>
<arg>btn-addword-confirm</arg>
</arguments>
<kw name="Click Button" library="Selenium2Library">
<doc>Clicks the button identified by ``locator``.</doc>
<arguments>
<arg>${button}</arg>
</arguments>
<msg timestamp="20210410 03:31:03.400" level="INFO">Clicking button 'btn-addword-confirm'.</msg>
<status status="PASS" starttime="20210410 03:31:03.400" endtime="20210410 03:31:03.853"></status>
</kw>
<status status="PASS" starttime="20210410 03:31:03.399" endtime="20210410 03:31:03.854"></status>
</kw>
<kw name="Page Should Contain" library="Selenium2Library">
<doc>Verifies that current page contains ``text``.</doc>
<arguments>
<arg>Please Add Question</arg>
</arguments>
<kw name="Capture Page Screenshot" library="Selenium2Library">
<doc>Takes a screenshot of the current page and embeds it into a log file.</doc>
<msg timestamp="20210410 03:31:04.471" level="INFO" html="yes">&lt;/td&gt;&lt;/tr&gt;&lt;tr&gt;&lt;td colspan="3"&gt;&lt;a href="selenium-screenshot-8.png"&gt;&lt;img src="selenium-screenshot-8.png" width="800px"&gt;&lt;/a&gt;</msg>
<status status="PASS" starttime="20210410 03:31:04.097" endtime="20210410 03:31:04.471"></status>
</kw>
<msg timestamp="20210410 03:31:04.472" level="FAIL">Page should have contained text 'Please Add Question' but did not.</msg>
<status status="FAIL" starttime="20210410 03:31:03.855" endtime="20210410 03:31:04.472"></status>
</kw>
<kw name="Close Browser" library="Selenium2Library" type="teardown">
<doc>Closes the current browser.</doc>
<status status="PASS" starttime="20210410 03:31:04.473" endtime="20210410 03:31:07.603"></status>
</kw>
<doc>Test if don't allow blank Question</doc>
<status status="FAIL" starttime="20210410 03:30:55.620" endtime="20210410 03:31:07.604" critical="yes">Page should have contained text 'Please Add Question' but did not.</status>
</test>
<test id="s1-t6" name="Add Blank Answer">
<kw name="Valid Login" library="source-login">
<kw name="Open Browser" library="Selenium2Library">
<doc>Opens a new browser instance to the optional ``url``.</doc>
<arguments>
<arg>http://localhost:3000/login</arg>
<arg>Chrome</arg>
</arguments>
<msg timestamp="20210410 03:31:07.609" level="INFO">Opening browser 'Chrome' to base url 'http://localhost:3000/login'.</msg>
<status status="PASS" starttime="20210410 03:31:07.608" endtime="20210410 03:31:10.763"></status>
</kw>
<kw name="Input Username" library="source-login">
<arguments>
<arg>admin</arg>
</arguments>
<kw name="Input Text" library="Selenium2Library">
<doc>Types the given ``text`` into the text field identified by ``locator``.</doc>
<arguments>
<arg>username</arg>
<arg>${username}</arg>
</arguments>
<msg timestamp="20210410 03:31:10.766" level="INFO">Typing text 'admin' into text field 'username'.</msg>
<status status="PASS" starttime="20210410 03:31:10.765" endtime="20210410 03:31:10.977"></status>
</kw>
<status status="PASS" starttime="20210410 03:31:10.763" endtime="20210410 03:31:10.978"></status>
</kw>
<kw name="Input Password" library="source-login">
<arguments>
<arg>1234</arg>
</arguments>
<kw name="Input Text" library="Selenium2Library">
<doc>Types the given ``text`` into the text field identified by ``locator``.</doc>
<arguments>
<arg>password</arg>
<arg>${password}</arg>
</arguments>
<msg timestamp="20210410 03:31:10.980" level="INFO">Typing text '1234' into text field 'password'.</msg>
<status status="PASS" starttime="20210410 03:31:10.980" endtime="20210410 03:31:11.112"></status>
</kw>
<status status="PASS" starttime="20210410 03:31:10.978" endtime="20210410 03:31:11.113"></status>
</kw>
<kw name="Click Button" library="Selenium2Library">
<doc>Clicks the button identified by ``locator``.</doc>
<arguments>
<arg>btn-login</arg>
</arguments>
<msg timestamp="20210410 03:31:11.113" level="INFO">Clicking button 'btn-login'.</msg>
<status status="PASS" starttime="20210410 03:31:11.113" endtime="20210410 03:31:11.203"></status>
</kw>
<kw name="Wait Until Page Contains Element" library="Selenium2Library">
<doc>Waits until the element ``locator`` appears on the current page.</doc>
<arguments>
<arg>name:validate_user</arg>
</arguments>
<status status="PASS" starttime="20210410 03:31:11.204" endtime="20210410 03:31:12.585"></status>
</kw>
<kw name="Wait Until Page Contains Element" library="Selenium2Library">
<doc>Waits until the element ``locator`` appears on the current page.</doc>
<arguments>
<arg>name:user-manage-bot</arg>
</arguments>
<status status="PASS" starttime="20210410 03:31:12.585" endtime="20210410 03:31:12.613"></status>
</kw>
<status status="PASS" starttime="20210410 03:31:07.608" endtime="20210410 03:31:12.613"></status>
</kw>
<kw name="Go to Manage Bot Page" library="source-manage-bot">
<kw name="Click Link" library="Selenium2Library">
<doc>Clicks a link identified by ``locator``.</doc>
<arguments>
<arg>user-dropdown</arg>
</arguments>
<msg timestamp="20210410 03:31:12.614" level="INFO">Clicking link 'user-dropdown'.</msg>
<status status="PASS" starttime="20210410 03:31:12.614" endtime="20210410 03:31:13.125"></status>
</kw>
<kw name="Click Element" library="Selenium2Library">
<doc>Click the element identified by ``locator``.</doc>
<arguments>
<arg>user-manage</arg>
</arguments>
<msg timestamp="20210410 03:31:13.127" level="INFO">Clicking element 'user-manage'.</msg>
<status status="PASS" starttime="20210410 03:31:13.126" endtime="20210410 03:31:13.464"></status>
</kw>
<kw name="Wait Until Page Contains Element" library="Selenium2Library">
<doc>Waits until the element ``locator`` appears on the current page.</doc>
<arguments>
<arg>name:bot_list</arg>
</arguments>
<status status="PASS" starttime="20210410 03:31:13.465" endtime="20210410 03:31:13.488"></status>
</kw>
<kw name="Click Element" library="Selenium2Library">
<doc>Click the element identified by ``locator``.</doc>
<arguments>
<arg>name:bot_list</arg>
</arguments>
<msg timestamp="20210410 03:31:13.489" level="INFO">Clicking element 'name:bot_list'.</msg>
<status status="PASS" starttime="20210410 03:31:13.489" endtime="20210410 03:31:13.619"></status>
</kw>
<status status="PASS" starttime="20210410 03:31:12.614" endtime="20210410 03:31:13.619"></status>
</kw>
<kw name="Wait Until Element Is Visible" library="Selenium2Library">
<doc>Waits until the element ``locator`` is visible.</doc>
<arguments>
<arg>id:training-header</arg>
<arg>10</arg>
</arguments>
<status status="PASS" starttime="20210410 03:31:13.621" endtime="20210410 03:31:15.027"></status>
</kw>
<kw name="Submit Button">
<arguments>
<arg>btn-addword</arg>
</arguments>
<kw name="Click Button" library="Selenium2Library">
<doc>Clicks the button identified by ``locator``.</doc>
<arguments>
<arg>${button}</arg>
</arguments>
<msg timestamp="20210410 03:31:15.030" level="INFO">Clicking button 'btn-addword'.</msg>
<status status="PASS" starttime="20210410 03:31:15.029" endtime="20210410 03:31:15.404"></status>
</kw>
<status status="PASS" starttime="20210410 03:31:15.028" endtime="20210410 03:31:15.404"></status>
</kw>
<kw name="Wait Until Element Is Visible" library="Selenium2Library">
<doc>Waits until the element ``locator`` is visible.</doc>
<arguments>
<arg>name:addword-popup</arg>
<arg>10</arg>
</arguments>
<status status="PASS" starttime="20210410 03:31:15.405" endtime="20210410 03:31:15.720"></status>
</kw>
<kw name="Input Question">
<arguments>
<arg>${question}</arg>
</arguments>
<kw name="Input Text" library="Selenium2Library">
<doc>Types the given ``text`` into the text field identified by ``locator``.</doc>
<arguments>
<arg>input-question</arg>
<arg>${question}</arg>
</arguments>
<msg timestamp="20210410 03:31:15.721" level="INFO">Typing text 'มีไข่มั้ย' into text field 'input-question'.</msg>
<status status="PASS" starttime="20210410 03:31:15.721" endtime="20210410 03:31:15.941"></status>
</kw>
<status status="PASS" starttime="20210410 03:31:15.720" endtime="20210410 03:31:15.941"></status>
</kw>
<kw name="Submit Button">
<arguments>
<arg>btn-addword-confirm</arg>
</arguments>
<kw name="Click Button" library="Selenium2Library">
<doc>Clicks the button identified by ``locator``.</doc>
<arguments>
<arg>${button}</arg>
</arguments>
<msg timestamp="20210410 03:31:15.944" level="INFO">Clicking button 'btn-addword-confirm'.</msg>
<status status="PASS" starttime="20210410 03:31:15.944" endtime="20210410 03:31:16.423"></status>
</kw>
<status status="PASS" starttime="20210410 03:31:15.943" endtime="20210410 03:31:16.424"></status>
</kw>
<kw name="Page Should Contain" library="Selenium2Library">
<doc>Verifies that current page contains ``text``.</doc>
<arguments>
<arg>Please Add Answer</arg>
</arguments>
<kw name="Capture Page Screenshot" library="Selenium2Library">
<doc>Takes a screenshot of the current page and embeds it into a log file.</doc>
<msg timestamp="20210410 03:31:17.041" level="INFO" html="yes">&lt;/td&gt;&lt;/tr&gt;&lt;tr&gt;&lt;td colspan="3"&gt;&lt;a href="selenium-screenshot-9.png"&gt;&lt;img src="selenium-screenshot-9.png" width="800px"&gt;&lt;/a&gt;</msg>
<status status="PASS" starttime="20210410 03:31:16.657" endtime="20210410 03:31:17.041"></status>
</kw>
<msg timestamp="20210410 03:31:17.042" level="FAIL">Page should have contained text 'Please Add Answer' but did not.</msg>
<status status="FAIL" starttime="20210410 03:31:16.425" endtime="20210410 03:31:17.042"></status>
</kw>
<kw name="Close Browser" library="Selenium2Library" type="teardown">
<doc>Closes the current browser.</doc>
<status status="PASS" starttime="20210410 03:31:17.043" endtime="20210410 03:31:19.817"></status>
</kw>
<doc>Test if don't allow blank Answer</doc>
<status status="FAIL" starttime="20210410 03:31:07.607" endtime="20210410 03:31:19.818" critical="yes">Page should have contained text 'Please Add Answer' but did not.</status>
</test>
<doc>Test Training page Functionality.</doc>
<status status="FAIL" starttime="20210410 03:30:09.951" endtime="20210410 03:31:19.822"></status>
</suite>
<statistics>
<total>
<stat pass="3" fail="3">Critical Tests</stat>
<stat pass="3" fail="3">All Tests</stat>
</total>
<tag>
</tag>
<suite>
<stat pass="3" fail="3" id="s1" name="Training">Training</stat>
</suite>
</statistics>
<errors>
</errors>
</robot>
