<?xml version="1.0" encoding="UTF-8"?>
<robot generator="Robot 3.2.2 (Python 3.7.4rc1 on win32)" generated="20210424 22:15:14.159" rpa="false">
<suite id="s1" name="Test-Login" source="C:\Users\HP\Desktop\A1_project\server\test-login.robot">
<test id="s1-t1" name="Valid Login">
<kw name="Valid Login" library="source-login">
<kw name="Open Browser" library="Selenium2Library">
<doc>Opens a new browser instance to the optional ``url``.</doc>
<arguments>
<arg>http://localhost:3000/login</arg>
<arg>Chrome</arg>
</arguments>
<msg timestamp="20210424 22:15:15.415" level="INFO">Opening browser 'Chrome' to base url 'http://localhost:3000/login'.</msg>
<status status="PASS" starttime="20210424 22:15:15.414" endtime="20210424 22:15:23.699"></status>
</kw>
<kw name="Input Username" library="source-login">
<arguments>
<arg>admin</arg>
</arguments>
<kw name="Input Text" library="Selenium2Library">
<doc>Types the given ``text`` into the text field identified by ``locator``.</doc>
<arguments>
<arg>username</arg>
<arg>${username}</arg>
</arguments>
<msg timestamp="20210424 22:15:23.700" level="INFO">Typing text 'admin' into text field 'username'.</msg>
<status status="PASS" starttime="20210424 22:15:23.700" endtime="20210424 22:15:23.853"></status>
</kw>
<status status="PASS" starttime="20210424 22:15:23.699" endtime="20210424 22:15:23.853"></status>
</kw>
<kw name="Input Password" library="source-login">
<arguments>
<arg>1234</arg>
</arguments>
<kw name="Input Text" library="Selenium2Library">
<doc>Types the given ``text`` into the text field identified by ``locator``.</doc>
<arguments>
<arg>password</arg>
<arg>${password}</arg>
</arguments>
<msg timestamp="20210424 22:15:23.855" level="INFO">Typing text '1234' into text field 'password'.</msg>
<status status="PASS" starttime="20210424 22:15:23.855" endtime="20210424 22:15:23.952"></status>
</kw>
<status status="PASS" starttime="20210424 22:15:23.854" endtime="20210424 22:15:23.952"></status>
</kw>
<kw name="Click Button" library="Selenium2Library">
<doc>Clicks the button identified by ``locator``.</doc>
<arguments>
<arg>btn-login</arg>
</arguments>
<msg timestamp="20210424 22:15:23.953" level="INFO">Clicking button 'btn-login'.</msg>
<status status="PASS" starttime="20210424 22:15:23.953" endtime="20210424 22:15:24.020"></status>
</kw>
<kw name="Wait Until Page Contains Element" library="Selenium2Library">
<doc>Waits until the element ``locator`` appears on the current page.</doc>
<arguments>
<arg>name:validate_user</arg>
</arguments>
<status status="PASS" starttime="20210424 22:15:24.020" endtime="20210424 22:15:25.369"></status>
</kw>
<kw name="Wait Until Page Contains Element" library="Selenium2Library">
<doc>Waits until the element ``locator`` appears on the current page.</doc>
<arguments>
<arg>name:user-manage-bot</arg>
</arguments>
<status status="PASS" starttime="20210424 22:15:25.369" endtime="20210424 22:15:25.387"></status>
</kw>
<status status="PASS" starttime="20210424 22:15:15.414" endtime="20210424 22:15:25.387"></status>
</kw>
<doc>Test Login Page Functionality when valid username and password are entered</doc>
<status status="PASS" starttime="20210424 22:15:15.413" endtime="20210424 22:15:25.388" critical="yes"></status>
</test>
<test id="s1-t2" name="Invalid username">
<kw name="Open Browser To Specific Page" library="source-login">
<kw name="Open Browser" library="Selenium2Library">
<doc>Opens a new browser instance to the optional ``url``.</doc>
<arguments>
<arg>${URL}</arg>
<arg>${BROWSER}</arg>
</arguments>
<msg timestamp="20210424 22:15:25.415" level="INFO">Opening browser 'Chrome' to base url 'http://localhost:3000/login'.</msg>
<status status="PASS" starttime="20210424 22:15:25.413" endtime="20210424 22:15:27.851"></status>
</kw>
<kw name="Title Should Be" library="Selenium2Library">
<doc>Verifies that the current page title equals ``title``.</doc>
<arguments>
<arg>React App</arg>
</arguments>
<msg timestamp="20210424 22:15:27.857" level="INFO">Page title is 'React App'.</msg>
<status status="PASS" starttime="20210424 22:15:27.851" endtime="20210424 22:15:27.857"></status>
</kw>
<status status="PASS" starttime="20210424 22:15:25.413" endtime="20210424 22:15:27.858"></status>
</kw>
<kw name="Input Username" library="source-login">
<arguments>
<arg>${invalid_username}</arg>
</arguments>
<kw name="Input Text" library="Selenium2Library">
<doc>Types the given ``text`` into the text field identified by ``locator``.</doc>
<arguments>
<arg>username</arg>
<arg>${username}</arg>
</arguments>
<msg timestamp="20210424 22:15:27.859" level="INFO">Typing text 'pool' into text field 'username'.</msg>
<status status="PASS" starttime="20210424 22:15:27.859" endtime="20210424 22:15:27.978"></status>
</kw>
<status status="PASS" starttime="20210424 22:15:27.858" endtime="20210424 22:15:27.978"></status>
</kw>
<kw name="Input Password" library="source-login">
<arguments>
<arg>${valid_password}</arg>
</arguments>
<kw name="Input Text" library="Selenium2Library">
<doc>Types the given ``text`` into the text field identified by ``locator``.</doc>
<arguments>
<arg>password</arg>
<arg>${password}</arg>
</arguments>
<msg timestamp="20210424 22:15:27.980" level="INFO">Typing text '1234' into text field 'password'.</msg>
<status status="PASS" starttime="20210424 22:15:27.980" endtime="20210424 22:15:28.094"></status>
</kw>
<status status="PASS" starttime="20210424 22:15:27.979" endtime="20210424 22:15:28.095"></status>
</kw>
<kw name="Submit Credentials" library="source-login">
<kw name="Click Button" library="Selenium2Library">
<doc>Clicks the button identified by ``locator``.</doc>
<arguments>
<arg>btn-login</arg>
</arguments>
<msg timestamp="20210424 22:15:28.096" level="INFO">Clicking button 'btn-login'.</msg>
<status status="PASS" starttime="20210424 22:15:28.096" endtime="20210424 22:15:28.160"></status>
</kw>
<status status="PASS" starttime="20210424 22:15:28.095" endtime="20210424 22:15:28.160"></status>
</kw>
<kw name="Wait Until Page Contains" library="Selenium2Library">
<doc>Waits until ``text`` appears on the current page.</doc>
<arguments>
<arg>Username is not valid</arg>
</arguments>
<status status="PASS" starttime="20210424 22:15:28.161" endtime="20210424 22:15:28.402"></status>
</kw>
<kw name="Close Browser" library="Selenium2Library" type="teardown">
<doc>Closes the current browser.</doc>
<status status="PASS" starttime="20210424 22:15:28.403" endtime="20210424 22:15:30.518"></status>
</kw>
<doc>Test Login Page Functionality when invalid username and valid password are entered</doc>
<status status="PASS" starttime="20210424 22:15:25.411" endtime="20210424 22:15:30.518" critical="yes"></status>
</test>
<test id="s1-t3" name="Invalid password">
<kw name="Open Browser To Specific Page" library="source-login">
<kw name="Open Browser" library="Selenium2Library">
<doc>Opens a new browser instance to the optional ``url``.</doc>
<arguments>
<arg>${URL}</arg>
<arg>${BROWSER}</arg>
</arguments>
<msg timestamp="20210424 22:15:30.523" level="INFO">Opening browser 'Chrome' to base url 'http://localhost:3000/login'.</msg>
<status status="PASS" starttime="20210424 22:15:30.522" endtime="20210424 22:15:32.920"></status>
</kw>
<kw name="Title Should Be" library="Selenium2Library">
<doc>Verifies that the current page title equals ``title``.</doc>
<arguments>
<arg>React App</arg>
</arguments>
<msg timestamp="20210424 22:15:32.924" level="INFO">Page title is 'React App'.</msg>
<status status="PASS" starttime="20210424 22:15:32.920" endtime="20210424 22:15:32.924"></status>
</kw>
<status status="PASS" starttime="20210424 22:15:30.522" endtime="20210424 22:15:32.925"></status>
</kw>
<kw name="Input Username" library="source-login">
<arguments>
<arg>${valid_username}</arg>
</arguments>
<kw name="Input Text" library="Selenium2Library">
<doc>Types the given ``text`` into the text field identified by ``locator``.</doc>
<arguments>
<arg>username</arg>
<arg>${username}</arg>
</arguments>
<msg timestamp="20210424 22:15:32.926" level="INFO">Typing text 'admin' into text field 'username'.</msg>
<status status="PASS" starttime="20210424 22:15:32.925" endtime="20210424 22:15:33.048"></status>
</kw>
<status status="PASS" starttime="20210424 22:15:32.925" endtime="20210424 22:15:33.048"></status>
</kw>
<kw name="Input Password" library="source-login">
<arguments>
<arg>${invalid_password}</arg>
</arguments>
<kw name="Input Text" library="Selenium2Library">
<doc>Types the given ``text`` into the text field identified by ``locator``.</doc>
<arguments>
<arg>password</arg>
<arg>${password}</arg>
</arguments>
<msg timestamp="20210424 22:15:33.050" level="INFO">Typing text '2323' into text field 'password'.</msg>
<status status="PASS" starttime="20210424 22:15:33.050" endtime="20210424 22:15:33.141"></status>
</kw>
<status status="PASS" starttime="20210424 22:15:33.049" endtime="20210424 22:15:33.141"></status>
</kw>
<kw name="Submit Credentials" library="source-login">
<kw name="Click Button" library="Selenium2Library">
<doc>Clicks the button identified by ``locator``.</doc>
<arguments>
<arg>btn-login</arg>
</arguments>
<msg timestamp="20210424 22:15:33.142" level="INFO">Clicking button 'btn-login'.</msg>
<status status="PASS" starttime="20210424 22:15:33.142" endtime="20210424 22:15:33.206"></status>
</kw>
<status status="PASS" starttime="20210424 22:15:33.142" endtime="20210424 22:15:33.206"></status>
</kw>
<kw name="Wait Until Page Contains" library="Selenium2Library">
<doc>Waits until ``text`` appears on the current page.</doc>
<arguments>
<arg>Username or password wrong</arg>
</arguments>
<status status="PASS" starttime="20210424 22:15:33.207" endtime="20210424 22:15:33.435"></status>
</kw>
<kw name="Close Browser" library="Selenium2Library" type="teardown">
<doc>Closes the current browser.</doc>
<status status="PASS" starttime="20210424 22:15:33.436" endtime="20210424 22:15:35.550"></status>
</kw>
<doc>Test Login Page Functionality when valid username and invalid password are entered</doc>
<status status="PASS" starttime="20210424 22:15:30.520" endtime="20210424 22:15:35.551" critical="yes"></status>
</test>
<test id="s1-t4" name="Blank username">
<kw name="Open Browser To Specific Page" library="source-login">
<kw name="Open Browser" library="Selenium2Library">
<doc>Opens a new browser instance to the optional ``url``.</doc>
<arguments>
<arg>${URL}</arg>
<arg>${BROWSER}</arg>
</arguments>
<msg timestamp="20210424 22:15:35.554" level="INFO">Opening browser 'Chrome' to base url 'http://localhost:3000/login'.</msg>
<status status="PASS" starttime="20210424 22:15:35.554" endtime="20210424 22:15:38.188"></status>
</kw>
<kw name="Title Should Be" library="Selenium2Library">
<doc>Verifies that the current page title equals ``title``.</doc>
<arguments>
<arg>React App</arg>
</arguments>
<msg timestamp="20210424 22:15:38.195" level="INFO">Page title is 'React App'.</msg>
<status status="PASS" starttime="20210424 22:15:38.188" endtime="20210424 22:15:38.195"></status>
</kw>
<status status="PASS" starttime="20210424 22:15:35.554" endtime="20210424 22:15:38.195"></status>
</kw>
<kw name="Input Password" library="source-login">
<arguments>
<arg>${valid_password}</arg>
</arguments>
<kw name="Input Text" library="Selenium2Library">
<doc>Types the given ``text`` into the text field identified by ``locator``.</doc>
<arguments>
<arg>password</arg>
<arg>${password}</arg>
</arguments>
<msg timestamp="20210424 22:15:38.197" level="INFO">Typing text '1234' into text field 'password'.</msg>
<status status="PASS" starttime="20210424 22:15:38.197" endtime="20210424 22:15:38.331"></status>
</kw>
<status status="PASS" starttime="20210424 22:15:38.196" endtime="20210424 22:15:38.331"></status>
</kw>
<kw name="Submit Credentials" library="source-login">
<kw name="Click Button" library="Selenium2Library">
<doc>Clicks the button identified by ``locator``.</doc>
<arguments>
<arg>btn-login</arg>
</arguments>
<msg timestamp="20210424 22:15:38.333" level="INFO">Clicking button 'btn-login'.</msg>
<status status="PASS" starttime="20210424 22:15:38.332" endtime="20210424 22:15:38.430"></status>
</kw>
<status status="PASS" starttime="20210424 22:15:38.332" endtime="20210424 22:15:38.431"></status>
</kw>
<kw name="Wait Until Page Contains" library="Selenium2Library">
<doc>Waits until ``text`` appears on the current page.</doc>
<arguments>
<arg>Please Enter Username</arg>
</arguments>
<kw name="Capture Page Screenshot" library="Selenium2Library">
<doc>Takes a screenshot of the current page and embeds it into a log file.</doc>
<msg timestamp="20210424 22:15:43.607" level="INFO" html="yes">&lt;/td&gt;&lt;/tr&gt;&lt;tr&gt;&lt;td colspan="3"&gt;&lt;a href="selenium-screenshot-11.png"&gt;&lt;img src="selenium-screenshot-11.png" width="800px"&gt;&lt;/a&gt;</msg>
<status status="PASS" starttime="20210424 22:15:43.504" endtime="20210424 22:15:43.607"></status>
</kw>
<msg timestamp="20210424 22:15:43.685" level="FAIL">Text 'Please Enter Username' did not appear in 5 seconds.</msg>
<status status="FAIL" starttime="20210424 22:15:38.431" endtime="20210424 22:15:43.686"></status>
</kw>
<kw name="Close Browser" library="Selenium2Library" type="teardown">
<doc>Closes the current browser.</doc>
<status status="PASS" starttime="20210424 22:15:43.687" endtime="20210424 22:15:45.817"></status>
</kw>
<doc>Test Login Page Functionality when only valid password is entered</doc>
<status status="FAIL" starttime="20210424 22:15:35.553" endtime="20210424 22:15:45.817" critical="yes">Text 'Please Enter Username' did not appear in 5 seconds.</status>
</test>
<test id="s1-t5" name="Blank password">
<kw name="Open Browser To Specific Page" library="source-login">
<kw name="Open Browser" library="Selenium2Library">
<doc>Opens a new browser instance to the optional ``url``.</doc>
<arguments>
<arg>${URL}</arg>
<arg>${BROWSER}</arg>
</arguments>
<msg timestamp="20210424 22:15:45.823" level="INFO">Opening browser 'Chrome' to base url 'http://localhost:3000/login'.</msg>
<status status="PASS" starttime="20210424 22:15:45.823" endtime="20210424 22:15:48.299"></status>
</kw>
<kw name="Title Should Be" library="Selenium2Library">
<doc>Verifies that the current page title equals ``title``.</doc>
<arguments>
<arg>React App</arg>
</arguments>
<msg timestamp="20210424 22:15:48.308" level="INFO">Page title is 'React App'.</msg>
<status status="PASS" starttime="20210424 22:15:48.299" endtime="20210424 22:15:48.308"></status>
</kw>
<status status="PASS" starttime="20210424 22:15:45.822" endtime="20210424 22:15:48.308"></status>
</kw>
<kw name="Input Username" library="source-login">
<arguments>
<arg>${valid_username}</arg>
</arguments>
<kw name="Input Text" library="Selenium2Library">
<doc>Types the given ``text`` into the text field identified by ``locator``.</doc>
<arguments>
<arg>username</arg>
<arg>${username}</arg>
</arguments>
<msg timestamp="20210424 22:15:48.310" level="INFO">Typing text 'admin' into text field 'username'.</msg>
<status status="PASS" starttime="20210424 22:15:48.309" endtime="20210424 22:15:48.485"></status>
</kw>
<status status="PASS" starttime="20210424 22:15:48.309" endtime="20210424 22:15:48.486"></status>
</kw>
<kw name="Submit Credentials" library="source-login">
<kw name="Click Button" library="Selenium2Library">
<doc>Clicks the button identified by ``locator``.</doc>
<arguments>
<arg>btn-login</arg>
</arguments>
<msg timestamp="20210424 22:15:48.487" level="INFO">Clicking button 'btn-login'.</msg>
<status status="PASS" starttime="20210424 22:15:48.487" endtime="20210424 22:15:48.558"></status>
</kw>
<status status="PASS" starttime="20210424 22:15:48.487" endtime="20210424 22:15:48.558"></status>
</kw>
<kw name="Wait Until Page Contains" library="Selenium2Library">
<doc>Waits until ``text`` appears on the current page.</doc>
<arguments>
<arg>Please enter Password</arg>
</arguments>
<kw name="Capture Page Screenshot" library="Selenium2Library">
<doc>Takes a screenshot of the current page and embeds it into a log file.</doc>
<msg timestamp="20210424 22:15:53.762" level="INFO" html="yes">&lt;/td&gt;&lt;/tr&gt;&lt;tr&gt;&lt;td colspan="3"&gt;&lt;a href="selenium-screenshot-12.png"&gt;&lt;img src="selenium-screenshot-12.png" width="800px"&gt;&lt;/a&gt;</msg>
<status status="PASS" starttime="20210424 22:15:53.630" endtime="20210424 22:15:53.762"></status>
</kw>
<msg timestamp="20210424 22:15:53.763" level="FAIL">Text 'Please enter Password' did not appear in 5 seconds.</msg>
<status status="FAIL" starttime="20210424 22:15:48.559" endtime="20210424 22:15:53.763"></status>
</kw>
<kw name="Close Browser" library="Selenium2Library" type="teardown">
<doc>Closes the current browser.</doc>
<status status="PASS" starttime="20210424 22:15:53.764" endtime="20210424 22:15:55.925"></status>
</kw>
<doc>Test Login Page Functionality when only valid username is entered</doc>
<status status="FAIL" starttime="20210424 22:15:45.821" endtime="20210424 22:15:55.926" critical="yes">Text 'Please enter Password' did not appear in 5 seconds.</status>
</test>
<test id="s1-t6" name="Register Button">
<kw name="Open Browser To Specific Page" library="source-login">
<kw name="Open Browser" library="Selenium2Library">
<doc>Opens a new browser instance to the optional ``url``.</doc>
<arguments>
<arg>${URL}</arg>
<arg>${BROWSER}</arg>
</arguments>
<msg timestamp="20210424 22:15:55.929" level="INFO">Opening browser 'Chrome' to base url 'http://localhost:3000/login'.</msg>
<status status="PASS" starttime="20210424 22:15:55.929" endtime="20210424 22:15:58.584"></status>
</kw>
<kw name="Title Should Be" library="Selenium2Library">
<doc>Verifies that the current page title equals ``title``.</doc>
<arguments>
<arg>React App</arg>
</arguments>
<msg timestamp="20210424 22:15:58.590" level="INFO">Page title is 'React App'.</msg>
<status status="PASS" starttime="20210424 22:15:58.584" endtime="20210424 22:15:58.591"></status>
</kw>
<status status="PASS" starttime="20210424 22:15:55.929" endtime="20210424 22:15:58.591"></status>
</kw>
<kw name="Click Register Link">
<arguments>
<arg>li-regist</arg>
</arguments>
<kw name="Click Link" library="Selenium2Library">
<doc>Clicks a link identified by ``locator``.</doc>
<arguments>
<arg>${link}</arg>
</arguments>
<msg timestamp="20210424 22:15:58.593" level="INFO">Clicking link 'li-regist'.</msg>
<status status="PASS" starttime="20210424 22:15:58.593" endtime="20210424 22:15:59.028"></status>
</kw>
<status status="PASS" starttime="20210424 22:15:58.592" endtime="20210424 22:15:59.028"></status>
</kw>
<kw name="Wait Until Page Contains" library="Selenium2Library">
<doc>Waits until ``text`` appears on the current page.</doc>
<arguments>
<arg>Register</arg>
</arguments>
<status status="PASS" starttime="20210424 22:15:59.029" endtime="20210424 22:15:59.057"></status>
</kw>
<kw name="Close Browser" library="Selenium2Library" type="teardown">
<doc>Closes the current browser.</doc>
<status status="PASS" starttime="20210424 22:15:59.058" endtime="20210424 22:16:01.177"></status>
</kw>
<doc>Test if Register link in Login page led to correct path</doc>
<status status="PASS" starttime="20210424 22:15:55.928" endtime="20210424 22:16:01.178" critical="yes"></status>
</test>
<doc>Test Login page Functionality.</doc>
<status status="FAIL" starttime="20210424 22:15:14.161" endtime="20210424 22:16:01.181"></status>
</suite>
<statistics>
<total>
<stat pass="4" fail="2">Critical Tests</stat>
<stat pass="4" fail="2">All Tests</stat>
</total>
<tag>
</tag>
<suite>
<stat pass="4" fail="2" id="s1" name="Test-Login">Test-Login</stat>
</suite>
</statistics>
<errors>
</errors>
</robot>
