<?xml version="1.0" encoding="UTF-8"?>
<robot generator="Robot 3.2.2 (Python 3.7.4rc1 on win32)" generated="20210408 21:14:53.646" rpa="false">
<suite id="s1" name="Test-Login" source="C:\Users\HP\Desktop\A1_project\server\test-login.robot">
<test id="s1-t1" name="Valid Login">
<kw name="Open Browser To Login Page">
<kw name="Open Browser" library="Selenium2Library">
<doc>Opens a new browser instance to the optional ``url``.</doc>
<arguments>
<arg>${LOGIN URL}</arg>
<arg>${BROWSER}</arg>
</arguments>
<msg timestamp="20210408 21:14:53.926" level="INFO">Opening browser 'Chrome' to base url 'http://localhost:3000/login'.</msg>
<status status="PASS" starttime="20210408 21:14:53.925" endtime="20210408 21:14:56.348"></status>
</kw>
<kw name="Title Should Be" library="Selenium2Library">
<doc>Verifies that the current page title equals ``title``.</doc>
<arguments>
<arg>React App</arg>
</arguments>
<msg timestamp="20210408 21:14:56.354" level="INFO">Page title is 'React App'.</msg>
<status status="PASS" starttime="20210408 21:14:56.348" endtime="20210408 21:14:56.354"></status>
</kw>
<status status="PASS" starttime="20210408 21:14:53.924" endtime="20210408 21:14:56.355"></status>
</kw>
<kw name="Input Username">
<arguments>
<arg>${valid_username}</arg>
</arguments>
<kw name="Input Text" library="Selenium2Library">
<doc>Types the given ``text`` into the text field identified by ``locator``.</doc>
<arguments>
<arg>username</arg>
<arg>${username}</arg>
</arguments>
<msg timestamp="20210408 21:14:56.357" level="INFO">Typing text 'admin' into text field 'username'.</msg>
<status status="PASS" starttime="20210408 21:14:56.357" endtime="20210408 21:14:56.501"></status>
</kw>
<status status="PASS" starttime="20210408 21:14:56.356" endtime="20210408 21:14:56.502"></status>
</kw>
<kw name="Input Password">
<arguments>
<arg>${valid_password}</arg>
</arguments>
<kw name="Input Text" library="Selenium2Library">
<doc>Types the given ``text`` into the text field identified by ``locator``.</doc>
<arguments>
<arg>password</arg>
<arg>${password}</arg>
</arguments>
<msg timestamp="20210408 21:14:56.503" level="INFO">Typing text '1234' into text field 'password'.</msg>
<status status="PASS" starttime="20210408 21:14:56.503" endtime="20210408 21:14:56.631"></status>
</kw>
<status status="PASS" starttime="20210408 21:14:56.502" endtime="20210408 21:14:56.631"></status>
</kw>
<kw name="Submit Credentials">
<kw name="Click Button" library="Selenium2Library">
<doc>Clicks the button identified by ``locator``.</doc>
<arguments>
<arg>login_btn</arg>
</arguments>
<msg timestamp="20210408 21:14:56.633" level="INFO">Clicking button 'login_btn'.</msg>
<status status="PASS" starttime="20210408 21:14:56.632" endtime="20210408 21:14:56.715"></status>
</kw>
<status status="PASS" starttime="20210408 21:14:56.632" endtime="20210408 21:14:56.715"></status>
</kw>
<kw name="Wait Until Page Contains Element" library="Selenium2Library">
<doc>Waits until the element ``locator`` appears on the current page.</doc>
<arguments>
<arg>name:validate_user</arg>
</arguments>
<status status="PASS" starttime="20210408 21:14:56.715" endtime="20210408 21:14:58.790"></status>
</kw>
<kw name="Close Browser" library="Selenium2Library" type="teardown">
<doc>Closes the current browser.</doc>
<status status="PASS" starttime="20210408 21:14:58.791" endtime="20210408 21:15:01.187"></status>
</kw>
<status status="PASS" starttime="20210408 21:14:53.921" endtime="20210408 21:15:01.188" critical="yes"></status>
</test>
<test id="s1-t2" name="Invalid username">
<kw name="Open Browser To Login Page">
<kw name="Open Browser" library="Selenium2Library">
<doc>Opens a new browser instance to the optional ``url``.</doc>
<arguments>
<arg>${LOGIN URL}</arg>
<arg>${BROWSER}</arg>
</arguments>
<msg timestamp="20210408 21:15:01.195" level="INFO">Opening browser 'Chrome' to base url 'http://localhost:3000/login'.</msg>
<status status="PASS" starttime="20210408 21:15:01.194" endtime="20210408 21:15:03.667"></status>
</kw>
<kw name="Title Should Be" library="Selenium2Library">
<doc>Verifies that the current page title equals ``title``.</doc>
<arguments>
<arg>React App</arg>
</arguments>
<msg timestamp="20210408 21:15:03.674" level="INFO">Page title is 'React App'.</msg>
<status status="PASS" starttime="20210408 21:15:03.667" endtime="20210408 21:15:03.674"></status>
</kw>
<status status="PASS" starttime="20210408 21:15:01.192" endtime="20210408 21:15:03.675"></status>
</kw>
<kw name="Input Username">
<arguments>
<arg>${invalid_username}</arg>
</arguments>
<kw name="Input Text" library="Selenium2Library">
<doc>Types the given ``text`` into the text field identified by ``locator``.</doc>
<arguments>
<arg>username</arg>
<arg>${username}</arg>
</arguments>
<msg timestamp="20210408 21:15:03.677" level="INFO">Typing text 'pool' into text field 'username'.</msg>
<status status="PASS" starttime="20210408 21:15:03.676" endtime="20210408 21:15:03.831"></status>
</kw>
<status status="PASS" starttime="20210408 21:15:03.675" endtime="20210408 21:15:03.831"></status>
</kw>
<kw name="Input Password">
<arguments>
<arg>${valid_password}</arg>
</arguments>
<kw name="Input Text" library="Selenium2Library">
<doc>Types the given ``text`` into the text field identified by ``locator``.</doc>
<arguments>
<arg>password</arg>
<arg>${password}</arg>
</arguments>
<msg timestamp="20210408 21:15:03.833" level="INFO">Typing text '1234' into text field 'password'.</msg>
<status status="PASS" starttime="20210408 21:15:03.833" endtime="20210408 21:15:03.998"></status>
</kw>
<status status="PASS" starttime="20210408 21:15:03.832" endtime="20210408 21:15:03.999"></status>
</kw>
<kw name="Submit Credentials">
<kw name="Click Button" library="Selenium2Library">
<doc>Clicks the button identified by ``locator``.</doc>
<arguments>
<arg>login_btn</arg>
</arguments>
<msg timestamp="20210408 21:15:04.001" level="INFO">Clicking button 'login_btn'.</msg>
<status status="PASS" starttime="20210408 21:15:04.001" endtime="20210408 21:15:04.119"></status>
</kw>
<status status="PASS" starttime="20210408 21:15:03.999" endtime="20210408 21:15:04.120"></status>
</kw>
<kw name="Wait Until Page Contains" library="Selenium2Library">
<doc>Waits until ``text`` appears on the current page.</doc>
<arguments>
<arg>Username is not valid</arg>
</arguments>
<status status="PASS" starttime="20210408 21:15:04.120" endtime="20210408 21:15:04.380"></status>
</kw>
<kw name="Close Browser" library="Selenium2Library" type="teardown">
<doc>Closes the current browser.</doc>
<status status="PASS" starttime="20210408 21:15:04.382" endtime="20210408 21:15:06.590"></status>
</kw>
<status status="PASS" starttime="20210408 21:15:01.191" endtime="20210408 21:15:06.591" critical="yes"></status>
</test>
<test id="s1-t3" name="Invalid password">
<kw name="Open Browser To Login Page">
<kw name="Open Browser" library="Selenium2Library">
<doc>Opens a new browser instance to the optional ``url``.</doc>
<arguments>
<arg>${LOGIN URL}</arg>
<arg>${BROWSER}</arg>
</arguments>
<msg timestamp="20210408 21:15:06.596" level="INFO">Opening browser 'Chrome' to base url 'http://localhost:3000/login'.</msg>
<status status="PASS" starttime="20210408 21:15:06.596" endtime="20210408 21:15:09.074"></status>
</kw>
<kw name="Title Should Be" library="Selenium2Library">
<doc>Verifies that the current page title equals ``title``.</doc>
<arguments>
<arg>React App</arg>
</arguments>
<msg timestamp="20210408 21:15:09.082" level="INFO">Page title is 'React App'.</msg>
<status status="PASS" starttime="20210408 21:15:09.074" endtime="20210408 21:15:09.082"></status>
</kw>
<status status="PASS" starttime="20210408 21:15:06.595" endtime="20210408 21:15:09.083"></status>
</kw>
<kw name="Input Username">
<arguments>
<arg>${valid_username}</arg>
</arguments>
<kw name="Input Text" library="Selenium2Library">
<doc>Types the given ``text`` into the text field identified by ``locator``.</doc>
<arguments>
<arg>username</arg>
<arg>${username}</arg>
</arguments>
<msg timestamp="20210408 21:15:09.085" level="INFO">Typing text 'admin' into text field 'username'.</msg>
<status status="PASS" starttime="20210408 21:15:09.084" endtime="20210408 21:15:09.287"></status>
</kw>
<status status="PASS" starttime="20210408 21:15:09.083" endtime="20210408 21:15:09.287"></status>
</kw>
<kw name="Input Password">
<arguments>
<arg>${invalid_password}</arg>
</arguments>
<kw name="Input Text" library="Selenium2Library">
<doc>Types the given ``text`` into the text field identified by ``locator``.</doc>
<arguments>
<arg>password</arg>
<arg>${password}</arg>
</arguments>
<msg timestamp="20210408 21:15:09.290" level="INFO">Typing text '2323' into text field 'password'.</msg>
<status status="PASS" starttime="20210408 21:15:09.289" endtime="20210408 21:15:09.497"></status>
</kw>
<status status="PASS" starttime="20210408 21:15:09.288" endtime="20210408 21:15:09.497"></status>
</kw>
<kw name="Submit Credentials">
<kw name="Click Button" library="Selenium2Library">
<doc>Clicks the button identified by ``locator``.</doc>
<arguments>
<arg>login_btn</arg>
</arguments>
<msg timestamp="20210408 21:15:09.499" level="INFO">Clicking button 'login_btn'.</msg>
<status status="PASS" starttime="20210408 21:15:09.499" endtime="20210408 21:15:09.610"></status>
</kw>
<status status="PASS" starttime="20210408 21:15:09.498" endtime="20210408 21:15:09.610"></status>
</kw>
<kw name="Wait Until Page Contains" library="Selenium2Library">
<doc>Waits until ``text`` appears on the current page.</doc>
<arguments>
<arg>Username or password wrong</arg>
</arguments>
<status status="PASS" starttime="20210408 21:15:09.611" endtime="20210408 21:15:10.067"></status>
</kw>
<kw name="Close Browser" library="Selenium2Library" type="teardown">
<doc>Closes the current browser.</doc>
<status status="PASS" starttime="20210408 21:15:10.068" endtime="20210408 21:15:12.252"></status>
</kw>
<status status="PASS" starttime="20210408 21:15:06.594" endtime="20210408 21:15:12.253" critical="yes"></status>
</test>
<test id="s1-t4" name="Blank username">
<kw name="Open Browser To Login Page">
<kw name="Open Browser" library="Selenium2Library">
<doc>Opens a new browser instance to the optional ``url``.</doc>
<arguments>
<arg>${LOGIN URL}</arg>
<arg>${BROWSER}</arg>
</arguments>
<msg timestamp="20210408 21:15:12.258" level="INFO">Opening browser 'Chrome' to base url 'http://localhost:3000/login'.</msg>
<status status="PASS" starttime="20210408 21:15:12.258" endtime="20210408 21:15:14.690"></status>
</kw>
<kw name="Title Should Be" library="Selenium2Library">
<doc>Verifies that the current page title equals ``title``.</doc>
<arguments>
<arg>React App</arg>
</arguments>
<msg timestamp="20210408 21:15:14.700" level="INFO">Page title is 'React App'.</msg>
<status status="PASS" starttime="20210408 21:15:14.691" endtime="20210408 21:15:14.700"></status>
</kw>
<status status="PASS" starttime="20210408 21:15:12.257" endtime="20210408 21:15:14.700"></status>
</kw>
<kw name="Input Password">
<arguments>
<arg>${valid_password}</arg>
</arguments>
<kw name="Input Text" library="Selenium2Library">
<doc>Types the given ``text`` into the text field identified by ``locator``.</doc>
<arguments>
<arg>password</arg>
<arg>${password}</arg>
</arguments>
<msg timestamp="20210408 21:15:14.702" level="INFO">Typing text '1234' into text field 'password'.</msg>
<status status="PASS" starttime="20210408 21:15:14.701" endtime="20210408 21:15:14.847"></status>
</kw>
<status status="PASS" starttime="20210408 21:15:14.701" endtime="20210408 21:15:14.848"></status>
</kw>
<kw name="Submit Credentials">
<kw name="Click Button" library="Selenium2Library">
<doc>Clicks the button identified by ``locator``.</doc>
<arguments>
<arg>login_btn</arg>
</arguments>
<msg timestamp="20210408 21:15:14.849" level="INFO">Clicking button 'login_btn'.</msg>
<status status="PASS" starttime="20210408 21:15:14.849" endtime="20210408 21:15:14.976"></status>
</kw>
<status status="PASS" starttime="20210408 21:15:14.849" endtime="20210408 21:15:14.976"></status>
</kw>
<kw name="Wait Until Page Contains" library="Selenium2Library">
<doc>Waits until ``text`` appears on the current page.</doc>
<arguments>
<arg>Please Enter Username</arg>
</arguments>
<kw name="Capture Page Screenshot" library="Selenium2Library">
<doc>Takes a screenshot of the current page and embeds it into a log file.</doc>
<msg timestamp="20210408 21:15:20.291" level="INFO" html="yes">&lt;/td&gt;&lt;/tr&gt;&lt;tr&gt;&lt;td colspan="3"&gt;&lt;a href="selenium-screenshot-15.png"&gt;&lt;img src="selenium-screenshot-15.png" width="800px"&gt;&lt;/a&gt;</msg>
<status status="PASS" starttime="20210408 21:15:19.989" endtime="20210408 21:15:20.291"></status>
</kw>
<msg timestamp="20210408 21:15:20.293" level="FAIL">Text 'Please Enter Username' did not appear in 5 seconds.</msg>
<status status="FAIL" starttime="20210408 21:15:14.977" endtime="20210408 21:15:20.293"></status>
</kw>
<kw name="Close Browser" library="Selenium2Library" type="teardown">
<doc>Closes the current browser.</doc>
<status status="PASS" starttime="20210408 21:15:20.294" endtime="20210408 21:15:22.494"></status>
</kw>
<status status="FAIL" starttime="20210408 21:15:12.256" endtime="20210408 21:15:22.495" critical="yes">Text 'Please Enter Username' did not appear in 5 seconds.</status>
</test>
<test id="s1-t5" name="Blank password">
<kw name="Open Browser To Login Page">
<kw name="Open Browser" library="Selenium2Library">
<doc>Opens a new browser instance to the optional ``url``.</doc>
<arguments>
<arg>${LOGIN URL}</arg>
<arg>${BROWSER}</arg>
</arguments>
<msg timestamp="20210408 21:15:22.499" level="INFO">Opening browser 'Chrome' to base url 'http://localhost:3000/login'.</msg>
<status status="PASS" starttime="20210408 21:15:22.499" endtime="20210408 21:15:25.077"></status>
</kw>
<kw name="Title Should Be" library="Selenium2Library">
<doc>Verifies that the current page title equals ``title``.</doc>
<arguments>
<arg>React App</arg>
</arguments>
<msg timestamp="20210408 21:15:25.085" level="INFO">Page title is 'React App'.</msg>
<status status="PASS" starttime="20210408 21:15:25.078" endtime="20210408 21:15:25.085"></status>
</kw>
<status status="PASS" starttime="20210408 21:15:22.498" endtime="20210408 21:15:25.086"></status>
</kw>
<kw name="Input Username">
<arguments>
<arg>${valid_username}</arg>
</arguments>
<kw name="Input Text" library="Selenium2Library">
<doc>Types the given ``text`` into the text field identified by ``locator``.</doc>
<arguments>
<arg>username</arg>
<arg>${username}</arg>
</arguments>
<msg timestamp="20210408 21:15:25.090" level="INFO">Typing text 'admin' into text field 'username'.</msg>
<status status="PASS" starttime="20210408 21:15:25.088" endtime="20210408 21:15:25.280"></status>
</kw>
<status status="PASS" starttime="20210408 21:15:25.087" endtime="20210408 21:15:25.280"></status>
</kw>
<kw name="Submit Credentials">
<kw name="Click Button" library="Selenium2Library">
<doc>Clicks the button identified by ``locator``.</doc>
<arguments>
<arg>login_btn</arg>
</arguments>
<msg timestamp="20210408 21:15:25.283" level="INFO">Clicking button 'login_btn'.</msg>
<status status="PASS" starttime="20210408 21:15:25.282" endtime="20210408 21:15:25.412"></status>
</kw>
<status status="PASS" starttime="20210408 21:15:25.281" endtime="20210408 21:15:25.412"></status>
</kw>
<kw name="Wait Until Page Contains" library="Selenium2Library">
<doc>Waits until ``text`` appears on the current page.</doc>
<arguments>
<arg>Please enter Password</arg>
</arguments>
<kw name="Capture Page Screenshot" library="Selenium2Library">
<doc>Takes a screenshot of the current page and embeds it into a log file.</doc>
<msg timestamp="20210408 21:15:30.805" level="INFO" html="yes">&lt;/td&gt;&lt;/tr&gt;&lt;tr&gt;&lt;td colspan="3"&gt;&lt;a href="selenium-screenshot-16.png"&gt;&lt;img src="selenium-screenshot-16.png" width="800px"&gt;&lt;/a&gt;</msg>
<status status="PASS" starttime="20210408 21:15:30.443" endtime="20210408 21:15:30.805"></status>
</kw>
<msg timestamp="20210408 21:15:30.806" level="FAIL">Text 'Please enter Password' did not appear in 5 seconds.</msg>
<status status="FAIL" starttime="20210408 21:15:25.413" endtime="20210408 21:15:30.806"></status>
</kw>
<kw name="Close Browser" library="Selenium2Library" type="teardown">
<doc>Closes the current browser.</doc>
<status status="PASS" starttime="20210408 21:15:30.807" endtime="20210408 21:15:32.990"></status>
</kw>
<status status="FAIL" starttime="20210408 21:15:22.497" endtime="20210408 21:15:32.991" critical="yes">Text 'Please enter Password' did not appear in 5 seconds.</status>
</test>
<doc>Test Login page Functionality.</doc>
<status status="FAIL" starttime="20210408 21:14:53.648" endtime="20210408 21:15:32.996"></status>
</suite>
<statistics>
<total>
<stat pass="3" fail="2">Critical Tests</stat>
<stat pass="3" fail="2">All Tests</stat>
</total>
<tag>
</tag>
<suite>
<stat pass="3" fail="2" id="s1" name="Test-Login">Test-Login</stat>
</suite>
</statistics>
<errors>
</errors>
</robot>
