<?xml version="1.0" encoding="UTF-8"?>
<robot generator="Robot 3.2.2 (Python 3.7.4rc1 on win32)" generated="20210426 22:35:14.346" rpa="false">
<suite id="s1" name="Manage-Bot" source="C:\Users\HP\Desktop\A1_project\server\manage-bot.robot">
<test id="s1-t1" name="Manage Bot Page">
<kw name="Valid Login" library="source-login">
<kw name="Open Browser" library="Selenium2Library">
<doc>Opens a new browser instance to the optional ``url``.</doc>
<arguments>
<arg>http://localhost:3000/login</arg>
<arg>Chrome</arg>
</arguments>
<msg timestamp="20210426 22:35:14.581" level="INFO">Opening browser 'Chrome' to base url 'http://localhost:3000/login'.</msg>
<status status="PASS" starttime="20210426 22:35:14.580" endtime="20210426 22:35:19.115"></status>
</kw>
<kw name="Input Username" library="source-login">
<arguments>
<arg>admin</arg>
</arguments>
<kw name="Input Text" library="Selenium2Library">
<doc>Types the given ``text`` into the text field identified by ``locator``.</doc>
<arguments>
<arg>username</arg>
<arg>${username}</arg>
</arguments>
<msg timestamp="20210426 22:35:19.116" level="INFO">Typing text 'admin' into text field 'username'.</msg>
<status status="PASS" starttime="20210426 22:35:19.115" endtime="20210426 22:35:19.240"></status>
</kw>
<status status="PASS" starttime="20210426 22:35:19.115" endtime="20210426 22:35:19.240"></status>
</kw>
<kw name="Input Password" library="source-login">
<arguments>
<arg>1234</arg>
</arguments>
<kw name="Input Text" library="Selenium2Library">
<doc>Types the given ``text`` into the text field identified by ``locator``.</doc>
<arguments>
<arg>password</arg>
<arg>${password}</arg>
</arguments>
<msg timestamp="20210426 22:35:19.241" level="INFO">Typing text '1234' into text field 'password'.</msg>
<status status="PASS" starttime="20210426 22:35:19.241" endtime="20210426 22:35:19.334"></status>
</kw>
<status status="PASS" starttime="20210426 22:35:19.240" endtime="20210426 22:35:19.334"></status>
</kw>
<kw name="Click Button" library="Selenium2Library">
<doc>Clicks the button identified by ``locator``.</doc>
<arguments>
<arg>btn-login</arg>
</arguments>
<msg timestamp="20210426 22:35:19.334" level="INFO">Clicking button 'btn-login'.</msg>
<status status="PASS" starttime="20210426 22:35:19.334" endtime="20210426 22:35:19.398"></status>
</kw>
<kw name="Wait Until Page Contains Element" library="Selenium2Library">
<doc>Waits until the element ``locator`` appears on the current page.</doc>
<arguments>
<arg>name:validate_user</arg>
</arguments>
<status status="PASS" starttime="20210426 22:35:19.398" endtime="20210426 22:35:20.880"></status>
</kw>
<kw name="Wait Until Page Contains Element" library="Selenium2Library">
<doc>Waits until the element ``locator`` appears on the current page.</doc>
<arguments>
<arg>name:user-manage-bot</arg>
</arguments>
<status status="PASS" starttime="20210426 22:35:20.880" endtime="20210426 22:35:20.905"></status>
</kw>
<status status="PASS" starttime="20210426 22:35:14.580" endtime="20210426 22:35:20.905"></status>
</kw>
<kw name="Go to Manage Bot Page">
<kw name="Click Link" library="Selenium2Library">
<doc>Clicks a link identified by ``locator``.</doc>
<arguments>
<arg>user-dropdown</arg>
</arguments>
<msg timestamp="20210426 22:35:20.906" level="INFO">Clicking link 'user-dropdown'.</msg>
<status status="PASS" starttime="20210426 22:35:20.906" endtime="20210426 22:35:21.643"></status>
</kw>
<kw name="Click Element" library="Selenium2Library">
<doc>Click the element identified by ``locator``.</doc>
<arguments>
<arg>user-manage</arg>
</arguments>
<msg timestamp="20210426 22:35:21.643" level="INFO">Clicking element 'user-manage'.</msg>
<status status="PASS" starttime="20210426 22:35:21.643" endtime="20210426 22:35:21.995"></status>
</kw>
<kw name="Wait Until Page Contains Element" library="Selenium2Library">
<doc>Waits until the element ``locator`` appears on the current page.</doc>
<arguments>
<arg>name:bot_list</arg>
</arguments>
<status status="PASS" starttime="20210426 22:35:21.995" endtime="20210426 22:35:22.015"></status>
</kw>
<status status="PASS" starttime="20210426 22:35:20.906" endtime="20210426 22:35:22.015"></status>
</kw>
<doc>Test if Manage bot page has a correct path</doc>
<status status="PASS" starttime="20210426 22:35:14.579" endtime="20210426 22:35:22.016" critical="yes"></status>
</test>
<test id="s1-t2" name="Create Bot Page">
<kw name="Valid Login" library="source-login">
<kw name="Open Browser" library="Selenium2Library">
<doc>Opens a new browser instance to the optional ``url``.</doc>
<arguments>
<arg>http://localhost:3000/login</arg>
<arg>Chrome</arg>
</arguments>
<msg timestamp="20210426 22:35:22.020" level="INFO">Opening browser 'Chrome' to base url 'http://localhost:3000/login'.</msg>
<status status="PASS" starttime="20210426 22:35:22.020" endtime="20210426 22:35:25.740"></status>
</kw>
<kw name="Input Username" library="source-login">
<arguments>
<arg>admin</arg>
</arguments>
<kw name="Input Text" library="Selenium2Library">
<doc>Types the given ``text`` into the text field identified by ``locator``.</doc>
<arguments>
<arg>username</arg>
<arg>${username}</arg>
</arguments>
<msg timestamp="20210426 22:35:25.742" level="INFO">Typing text 'admin' into text field 'username'.</msg>
<status status="PASS" starttime="20210426 22:35:25.742" endtime="20210426 22:35:25.958"></status>
</kw>
<status status="PASS" starttime="20210426 22:35:25.741" endtime="20210426 22:35:25.958"></status>
</kw>
<kw name="Input Password" library="source-login">
<arguments>
<arg>1234</arg>
</arguments>
<kw name="Input Text" library="Selenium2Library">
<doc>Types the given ``text`` into the text field identified by ``locator``.</doc>
<arguments>
<arg>password</arg>
<arg>${password}</arg>
</arguments>
<msg timestamp="20210426 22:35:25.960" level="INFO">Typing text '1234' into text field 'password'.</msg>
<status status="PASS" starttime="20210426 22:35:25.959" endtime="20210426 22:35:26.161"></status>
</kw>
<status status="PASS" starttime="20210426 22:35:25.958" endtime="20210426 22:35:26.162"></status>
</kw>
<kw name="Click Button" library="Selenium2Library">
<doc>Clicks the button identified by ``locator``.</doc>
<arguments>
<arg>btn-login</arg>
</arguments>
<msg timestamp="20210426 22:35:26.162" level="INFO">Clicking button 'btn-login'.</msg>
<status status="PASS" starttime="20210426 22:35:26.162" endtime="20210426 22:35:26.267"></status>
</kw>
<kw name="Wait Until Page Contains Element" library="Selenium2Library">
<doc>Waits until the element ``locator`` appears on the current page.</doc>
<arguments>
<arg>name:validate_user</arg>
</arguments>
<status status="PASS" starttime="20210426 22:35:26.268" endtime="20210426 22:35:28.633"></status>
</kw>
<kw name="Wait Until Page Contains Element" library="Selenium2Library">
<doc>Waits until the element ``locator`` appears on the current page.</doc>
<arguments>
<arg>name:user-manage-bot</arg>
</arguments>
<status status="PASS" starttime="20210426 22:35:28.633" endtime="20210426 22:35:28.653"></status>
</kw>
<status status="PASS" starttime="20210426 22:35:22.018" endtime="20210426 22:35:28.654"></status>
</kw>
<kw name="Go to Manage Bot Page">
<kw name="Click Link" library="Selenium2Library">
<doc>Clicks a link identified by ``locator``.</doc>
<arguments>
<arg>user-dropdown</arg>
</arguments>
<msg timestamp="20210426 22:35:28.656" level="INFO">Clicking link 'user-dropdown'.</msg>
<status status="PASS" starttime="20210426 22:35:28.655" endtime="20210426 22:35:29.703"></status>
</kw>
<kw name="Click Element" library="Selenium2Library">
<doc>Click the element identified by ``locator``.</doc>
<arguments>
<arg>user-manage</arg>
</arguments>
<msg timestamp="20210426 22:35:29.704" level="INFO">Clicking element 'user-manage'.</msg>
<status status="PASS" starttime="20210426 22:35:29.703" endtime="20210426 22:35:30.138"></status>
</kw>
<kw name="Wait Until Page Contains Element" library="Selenium2Library">
<doc>Waits until the element ``locator`` appears on the current page.</doc>
<arguments>
<arg>name:bot_list</arg>
</arguments>
<status status="PASS" starttime="20210426 22:35:30.138" endtime="20210426 22:35:30.165"></status>
</kw>
<status status="PASS" starttime="20210426 22:35:28.655" endtime="20210426 22:35:30.165"></status>
</kw>
<kw name="Check Specific Link Functionality">
<arguments>
<arg>name:create-bot</arg>
<arg>id:create_bot</arg>
</arguments>
<kw name="Wait Until Element Is Visible" library="Selenium2Library">
<doc>Waits until the element ``locator`` is visible.</doc>
<arguments>
<arg>${li}</arg>
<arg>20</arg>
</arguments>
<status status="PASS" starttime="20210426 22:35:30.167" endtime="20210426 22:35:30.272"></status>
</kw>
<kw name="Click Element" library="Selenium2Library">
<doc>Click the element identified by ``locator``.</doc>
<arguments>
<arg>${li}</arg>
</arguments>
<msg timestamp="20210426 22:35:30.273" level="INFO">Clicking element 'name:create-bot'.</msg>
<status status="PASS" starttime="20210426 22:35:30.273" endtime="20210426 22:35:30.473"></status>
</kw>
<kw name="Wait Until Element Is Visible" library="Selenium2Library">
<doc>Waits until the element ``locator`` is visible.</doc>
<arguments>
<arg>${header}</arg>
<arg>20</arg>
</arguments>
<status status="PASS" starttime="20210426 22:35:30.473" endtime="20210426 22:35:30.563"></status>
</kw>
<status status="PASS" starttime="20210426 22:35:30.166" endtime="20210426 22:35:30.564"></status>
</kw>
<kw name="Close Browser" library="Selenium2Library" type="teardown">
<doc>Closes the current browser.</doc>
<status status="PASS" starttime="20210426 22:35:30.564" endtime="20210426 22:35:33.278"></status>
</kw>
<doc>Test if Create bot button led to correct path</doc>
<status status="PASS" starttime="20210426 22:35:22.017" endtime="20210426 22:35:33.278" critical="yes"></status>
</test>
<test id="s1-t3" name="Create Bot Page Functionality">
<kw name="Valid Login" library="source-login">
<kw name="Open Browser" library="Selenium2Library">
<doc>Opens a new browser instance to the optional ``url``.</doc>
<arguments>
<arg>http://localhost:3000/login</arg>
<arg>Chrome</arg>
</arguments>
<msg timestamp="20210426 22:35:33.282" level="INFO">Opening browser 'Chrome' to base url 'http://localhost:3000/login'.</msg>
<status status="PASS" starttime="20210426 22:35:33.282" endtime="20210426 22:35:38.698"></status>
</kw>
<kw name="Input Username" library="source-login">
<arguments>
<arg>admin</arg>
</arguments>
<kw name="Input Text" library="Selenium2Library">
<doc>Types the given ``text`` into the text field identified by ``locator``.</doc>
<arguments>
<arg>username</arg>
<arg>${username}</arg>
</arguments>
<msg timestamp="20210426 22:35:38.699" level="INFO">Typing text 'admin' into text field 'username'.</msg>
<status status="PASS" starttime="20210426 22:35:38.699" endtime="20210426 22:35:38.813"></status>
</kw>
<status status="PASS" starttime="20210426 22:35:38.698" endtime="20210426 22:35:38.813"></status>
</kw>
<kw name="Input Password" library="source-login">
<arguments>
<arg>1234</arg>
</arguments>
<kw name="Input Text" library="Selenium2Library">
<doc>Types the given ``text`` into the text field identified by ``locator``.</doc>
<arguments>
<arg>password</arg>
<arg>${password}</arg>
</arguments>
<msg timestamp="20210426 22:35:38.814" level="INFO">Typing text '1234' into text field 'password'.</msg>
<status status="PASS" starttime="20210426 22:35:38.813" endtime="20210426 22:35:38.897"></status>
</kw>
<status status="PASS" starttime="20210426 22:35:38.813" endtime="20210426 22:35:38.897"></status>
</kw>
<kw name="Click Button" library="Selenium2Library">
<doc>Clicks the button identified by ``locator``.</doc>
<arguments>
<arg>btn-login</arg>
</arguments>
<msg timestamp="20210426 22:35:38.897" level="INFO">Clicking button 'btn-login'.</msg>
<status status="PASS" starttime="20210426 22:35:38.897" endtime="20210426 22:35:38.971"></status>
</kw>
<kw name="Wait Until Page Contains Element" library="Selenium2Library">
<doc>Waits until the element ``locator`` appears on the current page.</doc>
<arguments>
<arg>name:validate_user</arg>
</arguments>
<status status="PASS" starttime="20210426 22:35:38.971" endtime="20210426 22:35:40.686"></status>
</kw>
<kw name="Wait Until Page Contains Element" library="Selenium2Library">
<doc>Waits until the element ``locator`` appears on the current page.</doc>
<arguments>
<arg>name:user-manage-bot</arg>
</arguments>
<status status="PASS" starttime="20210426 22:35:40.686" endtime="20210426 22:35:40.706"></status>
</kw>
<status status="PASS" starttime="20210426 22:35:33.282" endtime="20210426 22:35:40.706"></status>
</kw>
<kw name="Go to Manage Bot Page">
<kw name="Click Link" library="Selenium2Library">
<doc>Clicks a link identified by ``locator``.</doc>
<arguments>
<arg>user-dropdown</arg>
</arguments>
<msg timestamp="20210426 22:35:40.710" level="INFO">Clicking link 'user-dropdown'.</msg>
<status status="PASS" starttime="20210426 22:35:40.709" endtime="20210426 22:35:41.588"></status>
</kw>
<kw name="Click Element" library="Selenium2Library">
<doc>Click the element identified by ``locator``.</doc>
<arguments>
<arg>user-manage</arg>
</arguments>
<msg timestamp="20210426 22:35:41.589" level="INFO">Clicking element 'user-manage'.</msg>
<status status="PASS" starttime="20210426 22:35:41.589" endtime="20210426 22:35:41.886"></status>
</kw>
<kw name="Wait Until Page Contains Element" library="Selenium2Library">
<doc>Waits until the element ``locator`` appears on the current page.</doc>
<arguments>
<arg>name:bot_list</arg>
</arguments>
<status status="PASS" starttime="20210426 22:35:41.886" endtime="20210426 22:35:41.905"></status>
</kw>
<status status="PASS" starttime="20210426 22:35:40.708" endtime="20210426 22:35:41.905"></status>
</kw>
<kw name="Check Specific Link Functionality">
<arguments>
<arg>name:create-bot</arg>
<arg>id:create_bot</arg>
</arguments>
<kw name="Wait Until Element Is Visible" library="Selenium2Library">
<doc>Waits until the element ``locator`` is visible.</doc>
<arguments>
<arg>${li}</arg>
<arg>20</arg>
</arguments>
<status status="PASS" starttime="20210426 22:35:41.906" endtime="20210426 22:35:41.939"></status>
</kw>
<kw name="Click Element" library="Selenium2Library">
<doc>Click the element identified by ``locator``.</doc>
<arguments>
<arg>${li}</arg>
</arguments>
<msg timestamp="20210426 22:35:41.939" level="INFO">Clicking element 'name:create-bot'.</msg>
<status status="PASS" starttime="20210426 22:35:41.939" endtime="20210426 22:35:42.027"></status>
</kw>
<kw name="Wait Until Element Is Visible" library="Selenium2Library">
<doc>Waits until the element ``locator`` is visible.</doc>
<arguments>
<arg>${header}</arg>
<arg>20</arg>
</arguments>
<status status="PASS" starttime="20210426 22:35:42.027" endtime="20210426 22:35:42.124"></status>
</kw>
<status status="PASS" starttime="20210426 22:35:41.906" endtime="20210426 22:35:42.124"></status>
</kw>
<kw name="Input Specific field">
<arguments>
<arg>name:bot_name</arg>
<arg>${bot_name}</arg>
</arguments>
<kw name="Input Text" library="Selenium2Library">
<doc>Types the given ``text`` into the text field identified by ``locator``.</doc>
<arguments>
<arg>${field}</arg>
<arg>${value}</arg>
</arguments>
<msg timestamp="20210426 22:35:42.127" level="INFO">Typing text 'hoxy' into text field 'name:bot_name'.</msg>
<status status="PASS" starttime="20210426 22:35:42.126" endtime="20210426 22:35:42.255"></status>
</kw>
<status status="PASS" starttime="20210426 22:35:42.125" endtime="20210426 22:35:42.255"></status>
</kw>
<kw name="Select From List By Label" library="Selenium2Library">
<doc>Selects options from selection list ``locator`` by ``labels``.</doc>
<arguments>
<arg>name:gender</arg>
<arg>${gender}</arg>
</arguments>
<msg timestamp="20210426 22:35:42.256" level="INFO">Selecting options from selection list 'name:gender' by label Male.</msg>
<status status="PASS" starttime="20210426 22:35:42.256" endtime="20210426 22:35:42.371"></status>
</kw>
<kw name="Input Specific field">
<arguments>
<arg>name:age</arg>
<arg>${age}</arg>
</arguments>
<kw name="Input Text" library="Selenium2Library">
<doc>Types the given ``text`` into the text field identified by ``locator``.</doc>
<arguments>
<arg>${field}</arg>
<arg>${value}</arg>
</arguments>
<msg timestamp="20210426 22:35:42.375" level="INFO">Typing text '20' into text field 'name:age'.</msg>
<status status="PASS" starttime="20210426 22:35:42.374" endtime="20210426 22:35:42.491"></status>
</kw>
<status status="PASS" starttime="20210426 22:35:42.372" endtime="20210426 22:35:42.492"></status>
</kw>
<kw name="Click Button" library="Selenium2Library">
<doc>Clicks the button identified by ``locator``.</doc>
<arguments>
<arg>btn-create-bot</arg>
</arguments>
<msg timestamp="20210426 22:35:42.493" level="INFO">Clicking button 'btn-create-bot'.</msg>
<status status="PASS" starttime="20210426 22:35:42.492" endtime="20210426 22:35:42.597"></status>
</kw>
<doc>Test validation of Create Bot Functionality</doc>
<status status="PASS" starttime="20210426 22:35:33.281" endtime="20210426 22:35:42.598" critical="yes"></status>
</test>
<doc>Test Manage bot page Functionality.</doc>
<status status="PASS" starttime="20210426 22:35:14.348" endtime="20210426 22:35:42.605"></status>
</suite>
<statistics>
<total>
<stat pass="3" fail="0">Critical Tests</stat>
<stat pass="3" fail="0">All Tests</stat>
</total>
<tag>
</tag>
<suite>
<stat pass="3" fail="0" id="s1" name="Manage-Bot">Manage-Bot</stat>
</suite>
</statistics>
<errors>
</errors>
</robot>
